~/school/6.829/final/pysim:$> time pypy harness.py minproved ../data/10sec.dat 
Running with random seed 4096253426282780123
Please wait, running simulation:      99%, 427298
Simulation ran with 427398 LUOPS
[summary] 9.58 s to send 9861 packets (and 0 failures)
Average packet took 0.972 ms / achieved 12.349 Mbps
  1.0 Mbps :   29 tries
  2.0 Mbps :   10 tries
  5.5 Mbps :   88 tries
 11.0 Mbps : 1049 tries
  6.0 Mbps :    8 tries
 12.0 Mbps :  687 tries
 18.0 Mbps : 9381 tries
 24.0 Mbps :  665 tries
 36.0 Mbps :  560 tries
 48.0 Mbps :  728 tries
 54.0 Mbps :  686 tries

real	0m1.942s
user	0m1.797s
sys	0m0.090s
~/school/6.829/final/pysim:$> time pypy harness.py minstrel ../data/10sec.dat 
Running with random seed 7325700339636171711
Please wait, running simulation:      99%, 303682
Simulation ran with 303804 LUOPS
[summary] 9.58 s to send 6540 packets (and 0 failures)
Average packet took 1.465 ms / achieved 8.189 Mbps
  1.0 Mbps :    5 tries
  2.0 Mbps :   13 tries
  5.5 Mbps :   44 tries
 11.0 Mbps :  737 tries
  6.0 Mbps :   17 tries
  9.0 Mbps :   63 tries
 12.0 Mbps :  340 tries
 18.0 Mbps : 7060 tries
 24.0 Mbps : 2646 tries
 36.0 Mbps : 2338 tries
 48.0 Mbps : 2478 tries
 54.0 Mbps : 2842 tries

real	0m1.708s
user	0m1.583s
sys	0m0.080s
~/school/6.829/final/pysim:$> time pypy harness.py samplerate ../data/10sec.dat 
Running with random seed 8961728978882358325
Please wait, running simulation:      99%, 115383
Simulation ran with 115420 LUOPS
[summary] 9.58 s to send 6507 packets (and 144 failures)
Average packet took 1.473 ms / achieved 8.148 Mbps
  1.0 Mbps :  324 tries
  2.0 Mbps :  101 tries
  5.5 Mbps :   33 tries
 11.0 Mbps : 1436 tries
  6.0 Mbps :   24 tries
  9.0 Mbps :  306 tries
 12.0 Mbps :   68 tries
 18.0 Mbps : 4343 tries
 24.0 Mbps :    4 tries
 36.0 Mbps :    4 tries
 48.0 Mbps :    4 tries
 54.0 Mbps :    4 tries

real	0m2.119s
user	0m1.987s
sys	0m0.073s
