~/school/6.829/final/pysim:$> time pypy harness.py minproved ../data/3sec.dat 
Running with random seed 4561062306307659388
Please wait, running simulation:      99%, 36369
Simulation ran with 36390 LUOPS
[summary] 3.01 s to send 2426 packets (and 0 failures)
Average packet took 1.239 ms / achieved 9.683 Mbps
  1.0 Mbps :    4 tries
  2.0 Mbps :    1 tries
  5.5 Mbps :   41 tries
 11.0 Mbps :   24 tries
  6.0 Mbps :  406 tries
  9.0 Mbps :   11 tries
 12.0 Mbps : 1022 tries
 18.0 Mbps : 1168 tries
 24.0 Mbps :  154 tries
 36.0 Mbps :  147 tries
 48.0 Mbps :  189 tries
 54.0 Mbps :  126 tries

real	0m0.948s
user	0m0.887s
sys	0m0.040s
~/school/6.829/final/pysim:$> time pypy harness.py minstrel ../data/3sec.dat 
Running with random seed 8916795108307798149
Please wait, running simulation:      99%, 37447
Simulation ran with 37566 LUOPS
[summary] 3.01 s to send 1942 packets (and 0 failures)
Average packet took 1.550 ms / achieved 7.744 Mbps
  2.0 Mbps :    9 tries
  5.5 Mbps :   65 tries
 11.0 Mbps :   12 tries
  6.0 Mbps :   23 tries
  9.0 Mbps :   11 tries
 12.0 Mbps :  826 tries
 18.0 Mbps : 1548 tries
 24.0 Mbps :  707 tries
 36.0 Mbps :  623 tries
 48.0 Mbps :  707 tries
 54.0 Mbps :  609 tries

real	0m0.954s
user	0m0.903s
sys	0m0.030s
~/school/6.829/final/pysim:$> time pypy harness.py samplerate ../data/3sec.dat 
Running with random seed 1491858039966050335
Please wait, running simulation:      99%, 24521
Simulation ran with 24570 LUOPS
[summary] 3.01 s to send 2220 packets (and 70 failures)
Average packet took 1.355 ms / achieved 8.858 Mbps
  1.0 Mbps :    6 tries
  2.0 Mbps :    1 tries
  5.5 Mbps :  261 tries
 11.0 Mbps :    4 tries
  6.0 Mbps :  731 tries
  9.0 Mbps :   15 tries
 12.0 Mbps :   69 tries
 18.0 Mbps : 1187 tries
 24.0 Mbps :    4 tries
 36.0 Mbps :    4 tries
 48.0 Mbps :    4 tries
 54.0 Mbps :    4 tries

real	0m1.226s
user	0m1.150s
sys	0m0.057s
