~/school/6.829/final/pysim:$> time pypy harness.py minproved ../data/7sec.dat 
Running with random seed 186014379668291938
Please wait, running simulation:      99%, 296435
Simulation ran with 296436 LUOPS
[summary] 8.01 s to send 8104 packets (and 1 failures)
Average packet took 0.988 ms / achieved 12.148 Mbps
  1.0 Mbps :   42 tries
  2.0 Mbps :    2 tries
  5.5 Mbps :   99 tries
 11.0 Mbps :   14 tries
  6.0 Mbps :    4 tries
  9.0 Mbps :  455 tries
 12.0 Mbps :  718 tries
 18.0 Mbps : 7845 tries
 24.0 Mbps :  476 tries
 36.0 Mbps :  497 tries
 48.0 Mbps :  560 tries
 54.0 Mbps :  581 tries

real	0m1.694s
user	0m1.567s
sys	0m0.073s
~/school/6.829/final/pysim:$> time pypy harness.py minstrel ../data/7sec.dat 
Running with random seed 6193302290270771374
Please wait, running simulation:      99%, 238594
Simulation ran with 238595 LUOPS
[summary] 8.00 s to send 5777 packets (and 3 failures)
Average packet took 1.386 ms / achieved 8.660 Mbps
  1.0 Mbps :   19 tries
  2.0 Mbps :    6 tries
  5.5 Mbps :   63 tries
 11.0 Mbps :   40 tries
  6.0 Mbps :   32 tries
  9.0 Mbps :  117 tries
 12.0 Mbps :  265 tries
 18.0 Mbps : 6395 tries
 24.0 Mbps : 2086 tries
 36.0 Mbps : 2121 tries
 48.0 Mbps : 2212 tries
 54.0 Mbps : 2184 tries

real	0m1.630s
user	0m1.497s
sys	0m0.073s
~/school/6.829/final/pysim:$> time pypy harness.py samplerate ../data/7sec.dat 
Running with random seed 3913761357416203259
Please wait, running simulation:      99%, 166549
Simulation ran with 166574 LUOPS
[summary] 8.01 s to send 6011 packets (and 292 failures)
Average packet took 1.332 ms / achieved 9.009 Mbps
  1.0 Mbps :  126 tries
  2.0 Mbps :  390 tries
  5.5 Mbps :    4 tries
 11.0 Mbps :  610 tries
  6.0 Mbps :    4 tries
  9.0 Mbps :   13 tries
 12.0 Mbps :    4 tries
 18.0 Mbps : 5136 tries
 24.0 Mbps :    4 tries
 36.0 Mbps :    4 tries
 48.0 Mbps :    4 tries
 54.0 Mbps :    4 tries

real	0m2.022s
user	0m1.893s
sys	0m0.077s
