Running with random seed 5737325951082981433
Running at rate 1 Mbps...
    [0] =  <Rate 48.0 p=1.000 sr=0.300>
    [0] =  <Rate 54.0 p=0.946 sr=0.219>
    [0] =  <Rate 36.0 p=1.000 sr=0.300>
    [0] =  <Rate 48.0 p=0.890 sr=0.213>
    [0] =  <Rate 54.0 p=0.836 sr=0.155>
    [0] =  <Rate 24.0 p=1.000 sr=0.300>
    [0] =  <Rate 36.0 p=0.792 sr=0.206>
    [0] =  <Rate 48.0 p=0.738 sr=0.146>
    [0] =  <Rate 18.0 p=1.000 sr=0.300>
    [0] =  <Rate 54.0 p=0.694 sr=0.103>
    [0] =  <Rate 12.0 p=1.000 sr=0.300>
    [0] =  <Rate 12.0 p=1.000 sr=0.300>
    [0] =  <Rate 12.0 p=1.000 sr=0.300>
    [0] =  <Rate 12.0 p=1.000 sr=0.329>
    [0] =  <Rate 12.0 p=1.000 sr=0.333>
    [0] =  <Rate 12.0 p=1.000 sr=0.336>
    [0] =  <Rate 12.0 p=1.000 sr=0.349>
    [0] =  <Rate 12.0 p=1.000 sr=0.359>
    [0] =  <Rate 12.0 p=1.000 sr=0.377>
    [0] =  <Rate 12.0 p=1.000 sr=0.384>
    [0] =  <Rate 12.0 p=1.000 sr=0.510>
    [0] =  <Rate 12.0 p=1.000 sr=0.545>
    [0] =  <Rate 12.0 p=1.000 sr=0.578>
    [0] =  <Rate 12.0 p=1.000 sr=0.609>
    [0] =  <Rate 12.0 p=1.000 sr=0.650>
    [0] =  <Rate 12.0 p=1.000 sr=0.676>
    [0] =  <Rate 12.0 p=1.000 sr=0.683>
    [0] =  <Rate 12.0 p=1.000 sr=0.699>
    [0] =  <Rate 12.0 p=1.000 sr=0.746>
    [0] =  <Rate 12.0 p=1.000 sr=0.746>
    [0] =  <Rate 12.0 p=1.000 sr=0.751>
    [0] =  <Rate 12.0 p=1.000 sr=0.790>
    [0] =  <Rate 12.0 p=1.000 sr=0.806>
    [0] =  <Rate 12.0 p=1.000 sr=0.806>
    [0] =  <Rate 12.0 p=1.000 sr=0.836>
    [0] =  <Rate 12.0 p=1.000 sr=0.844>
    [0] =  <Rate 12.0 p=1.000 sr=0.851>
    [0] =  <Rate 12.0 p=1.000 sr=0.887>
    [0] =  <Rate 12.0 p=1.000 sr=0.936>
    [0] =  <Rate 12.0 p=1.000 sr=0.942>
    [0] =  <Rate 12.0 p=1.000 sr=0.948>
    [0] =  <Rate 12.0 p=1.000 sr=0.969>
    [0] =  <Rate 12.0 p=1.000 sr=0.984>
    [0] =  <Rate 12.0 p=1.000 sr=1.000>
    [0] =  <Rate 12.0 p=1.000 sr=1.000>
    [0] =  <Rate 12.0 p=1.000 sr=1.000>
    [0] =  <Rate 12.0 p=1.000 sr=1.000>
    [0] =  <Rate 12.0 p=1.000 sr=1.000>
    [0] =  <Rate 12.0 p=1.000 sr=1.000>
    [0] =  <Rate 12.0 p=1.000 sr=1.000>
    [0] =  <Rate 12.0 p=1.000 sr=1.000>
    [0] =  <Rate 12.0 p=1.000 sr=1.000>
    [0] =  <Rate 12.0 p=1.000 sr=1.000>
    [0] =  <Rate 12.0 p=1.000 sr=1.000>
    [0] =  <Rate 12.0 p=1.000 sr=1.000>
    [0] =  <Rate 12.0 p=1.000 sr=1.000>
    [0] =  <Rate 12.0 p=1.000 sr=1.000>
    [0] =  <Rate 12.0 p=1.000 sr=1.000>
    [0] =  <Rate 12.0 p=1.000 sr=1.000>
    [0] =  <Rate 18.0 p=0.861 sr=0.012>
    [0] =  <Rate 12.0 p=1.000 sr=1.000>
    [0] =  <Rate 12.0 p=1.000 sr=1.000>
    [0] =  <Rate 12.0 p=1.000 sr=1.000>
    [0] =  <Rate 18.0 p=0.838 sr=0.003>
    [0] =  <Rate 12.0 p=1.000 sr=1.000>
    [0] =  <Rate 12.0 p=1.000 sr=1.000>
    [0] =  <Rate 12.0 p=1.000 sr=1.000>
    [0] =  <Rate 18.0 p=0.882 sr=0.001>
    [0] =  <Rate 12.0 p=1.000 sr=1.000>
    [0] =  <Rate 12.0 p=1.000 sr=1.000>
    [0] =  <Rate 18.0 p=0.866 sr=0.001>
    [0] =  <Rate 12.0 p=1.000 sr=1.000>
    [0] =  <Rate 12.0 p=1.000 sr=1.000>
    [0] =  <Rate 18.0 p=0.958 sr=0.000>
    [0] =  <Rate 12.0 p=1.000 sr=1.000>
    [0] =  <Rate 12.0 p=1.000 sr=1.000>
    [0] =  <Rate 18.0 p=0.906 sr=0.000>
    [0] =  <Rate 12.0 p=1.000 sr=1.000>
    [0] =  <Rate 12.0 p=1.000 sr=1.000>
    [0] =  <Rate 12.0 p=1.000 sr=1.000>
    [0] =  <Rate 12.0 p=1.000 sr=1.000>
    [0] =  <Rate 18.0 p=0.848 sr=0.001>
    [0] =  <Rate 12.0 p=1.000 sr=1.000>
    [0] =  <Rate 12.0 p=1.000 sr=1.000>
    [0] =  <Rate 18.0 p=0.934 sr=0.000>
    [0] =  <Rate 12.0 p=1.000 sr=1.000>
    [0] =  <Rate 18.0 p=0.823 sr=0.000>
    [0] =  <Rate 12.0 p=1.000 sr=1.000>
    [0] =  <Rate 12.0 p=1.000 sr=1.000>
    [0] =  <Rate 12.0 p=1.000 sr=1.000>
    [0] =  <Rate 12.0 p=1.000 sr=1.000>
    [0] =  <Rate 12.0 p=1.000 sr=1.000>
    [0] =  <Rate 18.0 p=0.869 sr=0.000>
    [0] =  <Rate 12.0 p=1.000 sr=1.000>
    [0] =  <Rate 12.0 p=1.000 sr=1.000>
    [0] =  <Rate 12.0 p=1.000 sr=1.000>
    [0] =  <Rate 12.0 p=1.000 sr=1.000>
    [0] =  <Rate 12.0 p=1.000 sr=1.000>
    [0] =  <Rate 12.0 p=1.000 sr=1.000>
    [0] =  <Rate 12.0 p=1.000 sr=1.000>
    [0] =  <Rate 18.0 p=0.931 sr=0.000>
    [0] =  <Rate 12.0 p=1.000 sr=1.000>
    [0] =  <Rate 12.0 p=1.000 sr=1.000>
    [0] =  <Rate 18.0 p=0.889 sr=0.000>
    [0] =  <Rate 12.0 p=1.000 sr=1.000>
    [0] =  <Rate 12.0 p=1.000 sr=1.000>
    [0] =  <Rate 12.0 p=1.000 sr=1.000>
    [0] =  <Rate 18.0 p=0.819 sr=0.001>
    [0] =  <Rate 12.0 p=1.000 sr=1.000>
    [0] =  <Rate 12.0 p=1.000 sr=1.000>
    [0] =  <Rate 18.0 p=0.944 sr=0.000>
    [0] =  <Rate 12.0 p=1.000 sr=1.000>
    [0] =  <Rate 12.0 p=1.000 sr=1.000>
    [0] =  <Rate 18.0 p=0.896 sr=0.000>
    [0] =  <Rate 12.0 p=1.000 sr=1.000>
    [0] =  <Rate 12.0 p=1.000 sr=1.000>
    [0] =  <Rate 18.0 p=0.926 sr=0.000>
    [0] =  <Rate 12.0 p=1.000 sr=1.000>
    [0] =  <Rate 12.0 p=1.000 sr=1.000>
    [0] =  <Rate 12.0 p=1.000 sr=1.000>
    [0] =  <Rate 12.0 p=1.000 sr=1.000>
    [0] =  <Rate 18.0 p=0.948 sr=0.000>
    [0] =  <Rate 18.0 p=0.937 sr=0.001>
    [0] =  <Rate 12.0 p=1.000 sr=1.000>
    [0] =  <Rate 18.0 p=0.833 sr=0.001>
    [0] =  <Rate 12.0 p=1.000 sr=1.000>
    [0] =  <Rate 12.0 p=1.000 sr=1.000>
    [0] =  <Rate 12.0 p=1.000 sr=1.000>
    [0] =  <Rate 18.0 p=0.910 sr=0.000>
    [0] =  <Rate 12.0 p=1.000 sr=1.000>
    [0] =  <Rate 12.0 p=1.000 sr=1.000>
    [0] =  <Rate 12.0 p=1.000 sr=1.000>
    [0] =  <Rate 12.0 p=1.000 sr=1.000>
    [0] =  <Rate 18.0 p=0.932 sr=0.000>
    [0] =  <Rate 12.0 p=1.000 sr=1.000>
    [0] =  <Rate 12.0 p=1.000 sr=1.000>
    [0] =  <Rate 12.0 p=1.000 sr=1.000>
    [0] =  <Rate 12.0 p=1.000 sr=1.000>
    [0] =  <Rate 18.0 p=0.935 sr=0.000>
    [0] =  <Rate 12.0 p=1.000 sr=1.000>
    [0] =  <Rate 18.0 p=0.901 sr=0.000>
    [0] =  <Rate 12.0 p=1.000 sr=1.000>
    [0] =  <Rate 12.0 p=1.000 sr=1.000>
    [0] =  <Rate 12.0 p=1.000 sr=1.000>
    [0] =  <Rate 18.0 p=0.866 sr=0.001>
    [0] =  <Rate 12.0 p=1.000 sr=1.000>
    [0] =  <Rate 18.0 p=0.902 sr=0.001>
    [0] =  <Rate 18.0 p=0.998 sr=0.002>
    [0] =  <Rate 18.0 p=1.000 sr=0.065>
    [0] =  <Rate 18.0 p=1.000 sr=0.102>
    [0] =  <Rate 12.0 p=1.000 sr=1.000>
    [0] =  <Rate 12.0 p=1.000 sr=1.000>
    [0] =  <Rate 12.0 p=1.000 sr=1.000>
    [0] =  <Rate 12.0 p=1.000 sr=1.000>
    [0] =  <Rate 18.0 p=0.847 sr=0.089>
    [0] =  <Rate 18.0 p=1.000 sr=0.089>
    [0] =  <Rate 12.0 p=1.000 sr=1.000>
    [0] =  <Rate 12.0 p=1.000 sr=1.000>
    [0] =  <Rate 12.0 p=1.000 sr=1.000>
    [0] =  <Rate 12.0 p=1.000 sr=1.000>
    [0] =  <Rate 12.0 p=1.000 sr=1.000>
    [0] =  <Rate 12.0 p=1.000 sr=1.000>
    [0] =  <Rate 12.0 p=1.000 sr=1.000>
    [0] =  <Rate 12.0 p=1.000 sr=1.000>
    [0] =  <Rate 12.0 p=1.000 sr=1.000>
    [0] =  <Rate 11.0 p=0.999 sr=0.184>
    [0] =  <Rate 11.0 p=1.000 sr=0.993>
    [0] =  <Rate 11.0 p=1.000 sr=1.000>
    [0] =  <Rate 18.0 p=0.788 sr=0.053>
    [0] =  <Rate 18.0 p=1.000 sr=0.152>
    [0] =  <Rate 18.0 p=1.000 sr=0.223>
    [0] =  <Rate 18.0 p=1.000 sr=0.430>
    [0] =  <Rate 18.0 p=1.000 sr=0.580>
    [0] =  <Rate 18.0 p=1.000 sr=0.762>
    [0] =  <Rate 11.0 p=1.000 sr=1.000>
    [0] =  <Rate 11.0 p=1.000 sr=1.000>
    [0] =  <Rate 11.0 p=1.000 sr=1.000>
    [0] =  <Rate 11.0 p=1.000 sr=1.000>
    [0] =  <Rate 11.0 p=1.000 sr=1.000>
    [0] =  <Rate 11.0 p=1.000 sr=1.000>
    [0] =  <Rate 11.0 p=1.000 sr=1.000>
    [0] =  <Rate 18.0 p=0.760 sr=0.491>
    [0] =  <Rate 18.0 p=1.000 sr=0.491>
    [0] =  <Rate 18.0 p=1.000 sr=0.491>
    [0] =  <Rate 18.0 p=1.000 sr=0.491>
    [0] =  <Rate 18.0 p=1.000 sr=0.491>
    [0] =  <Rate 11.0 p=0.723 sr=1.000>
    [0] =  <Rate 18.0 p=0.602 sr=0.370>
    [0] =  <Rate 2.0 p=0.844 sr=0.735>
    [0] =  <Rate 18.0 p=0.478 sr=0.271>
    [0] =  <Rate 6.0 p=0.637 sr=0.165>
    [0] =  <Rate 6.0 p=1.000 sr=0.165>
    [0] =  <Rate 18.0 p=0.724 sr=0.207>
    [0] =  <Rate 6.0 p=0.960 sr=0.165>
    [0] =  <Rate 6.0 p=0.798 sr=0.185>
    [0] =  <Rate 1.0 p=0.825 sr=1.000>
    [0] =  <Rate 1.0 p=0.999 sr=1.000>
    [0] =  <Rate 1.0 p=1.000 sr=1.000>
    [0] =  <Rate 18.0 p=0.361 sr=0.106>
    [0] =  <Rate 18.0 p=0.503 sr=0.156>
    [0] =  <Rate 18.0 p=0.622 sr=0.217>
    [0] =  <Rate 18.0 p=0.507 sr=0.225>
    [0] =  <Rate 9.0 p=0.406 sr=0.165>
    [0] =  <Rate 9.0 p=0.624 sr=0.165>
    [0] =  <Rate 9.0 p=0.477 sr=0.165>
    [0] =  <Rate 9.0 p=0.882 sr=0.165>
    [0] =  <Rate 9.0 p=0.833 sr=0.167>
    [0] =  <Rate 9.0 p=0.778 sr=0.184>
    [0] =  <Rate 18.0 p=0.648 sr=0.079>
    [0] =  <Rate 18.0 p=0.796 sr=0.079>
    [0] =  <Rate 18.0 p=0.593 sr=0.079>
    [0] =  <Rate 9.0 p=0.680 sr=0.282>
    [0] =  <Rate 18.0 p=0.575 sr=0.060>
    [0] =  <Rate 18.0 p=0.764 sr=0.072>
    [0] =  <Rate 9.0 p=0.651 sr=0.295>
    [0] =  <Rate 6.0 p=0.454 sr=0.087>
    [0] =  <Rate 6.0 p=0.816 sr=0.103>
    [0] =  <Rate 5.5 p=0.597 sr=0.107>
    [0] =  <Rate 5.5 p=1.000 sr=0.167>
    [0] =  <Rate 5.5 p=1.000 sr=0.209>
    [0] =  <Rate 5.5 p=1.000 sr=0.224>
    [0] =  <Rate 18.0 p=0.696 sr=0.033>
    [0] =  <Rate 5.5 p=1.000 sr=0.277>
    [0] =  <Rate 5.5 p=1.000 sr=0.347>
    [0] =  <Rate 18.0 p=0.664 sr=0.013>
    [0] =  <Rate 5.5 p=1.000 sr=0.383>
    [0] =  <Rate 18.0 p=0.765 sr=0.007>
    [0] =  <Rate 18.0 p=0.888 sr=0.007>
    [0] =  <Rate 18.0 p=0.710 sr=0.007>
    [0] =  <Rate 6.0 p=0.907 sr=0.104>
    [0] =  <Rate 6.0 p=0.999 sr=0.104>
    [0] =  <Rate 6.0 p=0.999 sr=0.104>
    [0] =  <Rate 5.5 p=1.000 sr=0.393>
    [0] =  <Rate 5.5 p=1.000 sr=0.471>
    [0] =  <Rate 5.5 p=1.000 sr=0.471>
    [0] =  <Rate 5.5 p=1.000 sr=0.530>
    [0] =  <Rate 5.5 p=1.000 sr=0.565>
    [0] =  <Rate 5.5 p=1.000 sr=0.593>
    [0] =  <Rate 5.5 p=1.000 sr=0.623>
    [0] =  <Rate 5.5 p=1.000 sr=0.663>
    [0] =  <Rate 5.5 p=1.000 sr=0.676>
    [0] =  <Rate 18.0 p=0.678 sr=0.007>
    [0] =  <Rate 18.0 p=0.843 sr=0.009>
    [0] =  <Rate 18.0 p=0.958 sr=0.011>
    [0] =  <Rate 18.0 p=0.880 sr=0.041>
    [0] =  <Rate 18.0 p=0.826 sr=0.078>
    [0] =  <Rate 6.0 p=0.938 sr=0.052>
    [0] =  <Rate 5.5 p=1.000 sr=0.686>
    [0] =  <Rate 18.0 p=0.699 sr=0.045>
    [0] =  <Rate 5.5 p=1.000 sr=0.693>
    [0] =  <Rate 5.5 p=1.000 sr=0.721>
    [0] =  <Rate 5.5 p=1.000 sr=0.766>
    [0] =  <Rate 18.0 p=0.654 sr=0.019>
    [0] =  <Rate 5.5 p=1.000 sr=0.806>
    [0] =  <Rate 18.0 p=0.784 sr=0.011>
    [0] =  <Rate 18.0 p=0.956 sr=0.011>
    [0] =  <Rate 6.0 p=0.922 sr=0.033>
    [0] =  <Rate 5.5 p=1.000 sr=0.855>
    [0] =  <Rate 5.5 p=1.000 sr=0.855>
    [0] =  <Rate 11.0 p=0.725 sr=0.336>
    [0] =  <Rate 11.0 p=0.999 sr=0.336>
    [0] =  <Rate 18.0 p=0.797 sr=0.007>
    [0] =  <Rate 18.0 p=0.797 sr=0.007>
    [0] =  <Rate 18.0 p=0.945 sr=0.007>
    [0] =  <Rate 11.0 p=0.999 sr=0.336>
    [0] =  <Rate 18.0 p=0.825 sr=0.004>
    [0] =  <Rate 11.0 p=1.000 sr=0.336>
    [0] =  <Rate 11.0 p=1.000 sr=0.336>
    [0] =  <Rate 18.0 p=0.824 sr=0.002>
    [0] =  <Rate 11.0 p=1.000 sr=0.336>
    [0] =  <Rate 11.0 p=1.000 sr=0.336>
    [0] =  <Rate 11.0 p=1.000 sr=0.336>
    [0] =  <Rate 11.0 p=1.000 sr=0.336>
    [0] =  <Rate 18.0 p=0.831 sr=0.001>
    [0] =  <Rate 11.0 p=1.000 sr=0.336>
    [0] =  <Rate 18.0 p=0.793 sr=0.000>
    [0] =  <Rate 11.0 p=1.000 sr=0.336>
    [0] =  <Rate 11.0 p=1.000 sr=0.336>
    [0] =  <Rate 18.0 p=0.923 sr=0.000>
    [0] =  <Rate 11.0 p=1.000 sr=0.336>
    [0] =  <Rate 18.0 p=0.839 sr=0.000>
    [0] =  <Rate 11.0 p=1.000 sr=0.336>
    [0] =  <Rate 18.0 p=0.936 sr=0.000>
    [0] =  <Rate 11.0 p=1.000 sr=0.336>
    [0] =  <Rate 11.0 p=1.000 sr=0.336>
    [0] =  <Rate 18.0 p=0.846 sr=0.000>
    [0] =  <Rate 11.0 p=1.000 sr=0.336>
    [0] =  <Rate 18.0 p=0.787 sr=0.001>
    [0] =  <Rate 11.0 p=1.000 sr=0.336>
    [0] =  <Rate 11.0 p=1.000 sr=0.336>
    [0] =  <Rate 11.0 p=1.000 sr=0.336>
    [0] =  <Rate 11.0 p=1.000 sr=0.336>
    [0] =  <Rate 11.0 p=1.000 sr=0.336>
    [0] =  <Rate 11.0 p=1.000 sr=0.336>
    [0] =  <Rate 11.0 p=1.000 sr=0.336>
    [0] =  <Rate 11.0 p=1.000 sr=0.336>
    [0] =  <Rate 11.0 p=1.000 sr=0.336>
    [0] =  <Rate 11.0 p=1.000 sr=0.336>
    [0] =  <Rate 11.0 p=1.000 sr=0.336>
    [0] =  <Rate 18.0 p=0.831 sr=0.002>
    [0] =  <Rate 11.0 p=1.000 sr=0.336>
    [0] =  <Rate 11.0 p=1.000 sr=0.336>
    [0] =  <Rate 11.0 p=1.000 sr=0.336>
    [0] =  <Rate 11.0 p=1.000 sr=0.336>
    [0] =  <Rate 18.0 p=0.885 sr=0.001>
    [0] =  <Rate 11.0 p=1.000 sr=0.336>
    [0] =  <Rate 18.0 p=0.781 sr=0.000>
    [0] =  <Rate 11.0 p=1.000 sr=0.336>
    [0] =  <Rate 11.0 p=1.000 sr=0.336>
    [0] =  <Rate 11.0 p=1.000 sr=0.336>
    [0] =  <Rate 11.0 p=1.000 sr=0.336>
    [0] =  <Rate 11.0 p=1.000 sr=0.336>
    [0] =  <Rate 18.0 p=0.889 sr=0.000>
    [0] =  <Rate 11.0 p=1.000 sr=0.336>
    [0] =  <Rate 18.0 p=0.797 sr=0.000>
    [0] =  <Rate 11.0 p=1.000 sr=0.336>
    [0] =  <Rate 18.0 p=0.925 sr=0.000>
    [0] =  <Rate 11.0 p=1.000 sr=0.336>
    [0] =  <Rate 11.0 p=1.000 sr=0.336>
    [0] =  <Rate 18.0 p=0.783 sr=0.000>
    [0] =  <Rate 11.0 p=1.000 sr=0.336>
    [0] =  <Rate 11.0 p=1.000 sr=0.336>
    [0] =  <Rate 11.0 p=1.000 sr=0.336>
    [0] =  <Rate 18.0 p=0.962 sr=0.000>
    [0] =  <Rate 11.0 p=1.000 sr=0.336>
    [0] =  <Rate 11.0 p=1.000 sr=0.336>
    [0] =  <Rate 11.0 p=1.000 sr=0.336>
    [0] =  <Rate 11.0 p=1.000 sr=0.336>
    [0] =  <Rate 18.0 p=0.937 sr=0.000>
    [0] =  <Rate 11.0 p=1.000 sr=0.336>
    [0] =  <Rate 18.0 p=0.787 sr=0.000>
    [0] =  <Rate 11.0 p=1.000 sr=0.336>
    [0] =  <Rate 18.0 p=0.827 sr=0.000>
    [0] =  <Rate 11.0 p=1.000 sr=0.336>
    [0] =  <Rate 18.0 p=0.779 sr=0.001>
    [0] =  <Rate 11.0 p=1.000 sr=0.336>
    [0] =  <Rate 11.0 p=1.000 sr=0.336>
    [0] =  <Rate 11.0 p=1.000 sr=0.336>
    [0] =  <Rate 11.0 p=1.000 sr=0.336>
    [0] =  <Rate 18.0 p=0.895 sr=0.000>
    [0] =  <Rate 11.0 p=1.000 sr=0.336>
    [0] =  <Rate 11.0 p=1.000 sr=0.336>
    [0] =  <Rate 18.0 p=0.910 sr=0.000>
    [0] =  <Rate 11.0 p=1.000 sr=0.336>
    [0] =  <Rate 18.0 p=0.843 sr=0.001>
    [0] =  <Rate 11.0 p=1.000 sr=0.336>
    [0] =  <Rate 11.0 p=1.000 sr=0.336>
    [0] =  <Rate 11.0 p=1.000 sr=0.336>
    [0] =  <Rate 11.0 p=1.000 sr=0.336>
    [0] =  <Rate 11.0 p=1.000 sr=0.336>
    [0] =  <Rate 18.0 p=0.795 sr=0.000>
    [0] =  <Rate 11.0 p=1.000 sr=0.336>
    [0] =  <Rate 18.0 p=0.792 sr=0.000>
    [0] =  <Rate 11.0 p=1.000 sr=0.337>
    [0] =  <Rate 11.0 p=1.000 sr=0.338>
    [0] =  <Rate 18.0 p=0.760 sr=0.001>
    [0] =  <Rate 11.0 p=1.000 sr=0.339>
    [0] =  <Rate 11.0 p=1.000 sr=0.339>
    [0] =  <Rate 11.0 p=1.000 sr=0.340>
    [0] =  <Rate 11.0 p=1.000 sr=0.341>
    [0] =  <Rate 11.0 p=1.000 sr=0.342>
    [0] =  <Rate 11.0 p=1.000 sr=0.344>
    [0] =  <Rate 11.0 p=1.000 sr=0.344>
    [0] =  <Rate 11.0 p=1.000 sr=0.344>
    [0] =  <Rate 11.0 p=1.000 sr=0.346>
    [0] =  <Rate 11.0 p=1.000 sr=0.347>
    [0] =  <Rate 18.0 p=0.918 sr=0.000>
    [0] =  <Rate 11.0 p=1.000 sr=0.349>
    [0] =  <Rate 11.0 p=1.000 sr=0.350>
    [0] =  <Rate 18.0 p=0.768 sr=0.000>
    [0] =  <Rate 18.0 p=0.768 sr=0.000>
    [0] =  <Rate 11.0 p=1.000 sr=0.352>
    [0] =  <Rate 18.0 p=0.808 sr=0.000>
    [0] =  <Rate 11.0 p=1.000 sr=0.352>
    [0] =  <Rate 18.0 p=0.910 sr=0.000>
    [0] =  <Rate 11.0 p=1.000 sr=0.352>
    [0] =  <Rate 18.0 p=0.823 sr=0.000>
    [0] =  <Rate 11.0 p=1.000 sr=0.354>
    [0] =  <Rate 11.0 p=1.000 sr=0.354>
    [0] =  <Rate 18.0 p=0.848 sr=0.000>
    [0] =  <Rate 11.0 p=1.000 sr=0.356>
    [0] =  <Rate 11.0 p=1.000 sr=0.358>
    [0] =  <Rate 11.0 p=1.000 sr=0.361>
    [0] =  <Rate 11.0 p=1.000 sr=0.363>
    [0] =  <Rate 11.0 p=1.000 sr=0.365>
    [0] =  <Rate 11.0 p=1.000 sr=0.367>
    [0] =  <Rate 18.0 p=0.764 sr=0.000>
    [0] =  <Rate 18.0 p=0.764 sr=0.000>
    [0] =  <Rate 11.0 p=1.000 sr=0.370>
    [0] =  <Rate 11.0 p=1.000 sr=0.372>
    [0] =  <Rate 11.0 p=1.000 sr=0.375>
    [0] =  <Rate 11.0 p=1.000 sr=0.378>
    [0] =  <Rate 18.0 p=0.904 sr=0.001>
    [0] =  <Rate 18.0 p=0.952 sr=0.001>
    [0] =  <Rate 11.0 p=1.000 sr=0.378>
    [0] =  <Rate 18.0 p=0.772 sr=0.001>
    [0] =  <Rate 11.0 p=1.000 sr=0.384>
    [0] =  <Rate 11.0 p=1.000 sr=0.390>
    [0] =  <Rate 11.0 p=1.000 sr=0.393>
    [0] =  <Rate 11.0 p=1.000 sr=0.393>
    [0] =  <Rate 11.0 p=1.000 sr=0.393>
    [0] =  <Rate 11.0 p=1.000 sr=0.397>
    [0] =  <Rate 11.0 p=1.000 sr=0.400>
    [0] =  <Rate 11.0 p=1.000 sr=0.403>
    [0] =  <Rate 11.0 p=1.000 sr=0.406>
    [0] =  <Rate 11.0 p=1.000 sr=0.409>
    [0] =  <Rate 18.0 p=0.770 sr=0.000>
    [0] =  <Rate 11.0 p=1.000 sr=0.413>
    [0] =  <Rate 18.0 p=0.851 sr=0.001>
    [0] =  <Rate 11.0 p=1.000 sr=0.413>
    [0] =  <Rate 18.0 p=0.889 sr=0.000>
    [0] =  <Rate 11.0 p=1.000 sr=0.413>
    [0] =  <Rate 11.0 p=1.000 sr=0.416>
    [0] =  <Rate 11.0 p=1.000 sr=0.420>
    [0] =  <Rate 11.0 p=1.000 sr=0.424>
    [0] =  <Rate 18.0 p=0.894 sr=0.000>
    [0] =  <Rate 11.0 p=1.000 sr=0.427>
    [0] =  <Rate 11.0 p=1.000 sr=0.427>
    [0] =  <Rate 18.0 p=0.777 sr=0.000>
    [0] =  <Rate 11.0 p=1.000 sr=0.431>
    [0] =  <Rate 11.0 p=1.000 sr=0.431>
    [0] =  <Rate 18.0 p=0.835 sr=0.000>
    [0] =  <Rate 11.0 p=1.000 sr=0.435>
    [0] =  <Rate 18.0 p=0.916 sr=0.000>
    [0] =  <Rate 11.0 p=1.000 sr=0.435>
    [0] =  <Rate 18.0 p=0.894 sr=0.000>
    [0] =  <Rate 11.0 p=1.000 sr=0.435>
    [0] =  <Rate 18.0 p=0.940 sr=0.000>
    [0] =  <Rate 11.0 p=1.000 sr=0.439>
    [0] =  <Rate 18.0 p=0.904 sr=0.000>
    [0] =  <Rate 11.0 p=1.000 sr=0.443>
    [0] =  <Rate 18.0 p=0.875 sr=0.000>
    [0] =  <Rate 18.0 p=0.875 sr=0.000>
    [0] =  <Rate 11.0 p=1.000 sr=0.443>
    [0] =  <Rate 18.0 p=0.773 sr=0.000>
    [0] =  <Rate 11.0 p=1.000 sr=0.447>
    [0] =  <Rate 11.0 p=1.000 sr=0.451>
    [0] =  <Rate 11.0 p=1.000 sr=0.451>
    [0] =  <Rate 11.0 p=1.000 sr=0.460>
    [0] =  <Rate 11.0 p=1.000 sr=0.464>
    [0] =  <Rate 11.0 p=1.000 sr=0.469>
    [0] =  <Rate 11.0 p=1.000 sr=0.473>
    [0] =  <Rate 18.0 p=0.780 sr=0.000>
    [0] =  <Rate 11.0 p=1.000 sr=0.477>
    [0] =  <Rate 11.0 p=1.000 sr=0.481>
    [0] =  <Rate 11.0 p=1.000 sr=0.485>
    [0] =  <Rate 18.0 p=0.926 sr=0.000>
    [0] =  <Rate 11.0 p=1.000 sr=0.489>
    [0] =  <Rate 18.0 p=0.858 sr=0.000>
    [0] =  <Rate 11.0 p=1.000 sr=0.489>
    [0] =  <Rate 11.0 p=1.000 sr=0.494>
    [0] =  <Rate 11.0 p=1.000 sr=0.498>
    [0] =  <Rate 11.0 p=1.000 sr=0.498>
    [0] =  <Rate 11.0 p=1.000 sr=0.502>
    [0] =  <Rate 11.0 p=1.000 sr=0.507>
    [0] =  <Rate 18.0 p=0.771 sr=0.000>
    [0] =  <Rate 11.0 p=1.000 sr=0.511>
    [0] =  <Rate 18.0 p=0.820 sr=0.000>
    [0] =  <Rate 11.0 p=1.000 sr=0.515>
    [0] =  <Rate 18.0 p=0.896 sr=0.000>
    [0] =  <Rate 11.0 p=1.000 sr=0.515>
    [0] =  <Rate 11.0 p=1.000 sr=0.519>
    [0] =  <Rate 18.0 p=0.800 sr=0.000>
    [0] =  <Rate 11.0 p=1.000 sr=0.524>
    [0] =  <Rate 11.0 p=1.000 sr=0.524>
    [0] =  <Rate 18.0 p=0.792 sr=0.000>
    [0] =  <Rate 11.0 p=1.000 sr=0.528>
    [0] =  <Rate 18.0 p=0.793 sr=0.000>
    [0] =  <Rate 11.0 p=1.000 sr=0.533>
    [0] =  <Rate 11.0 p=1.000 sr=0.533>
    [0] =  <Rate 18.0 p=0.826 sr=0.000>
    [0] =  <Rate 11.0 p=1.000 sr=0.537>
    [0] =  <Rate 18.0 p=0.797 sr=0.000>
    [0] =  <Rate 11.0 p=1.000 sr=0.542>
    [0] =  <Rate 18.0 p=0.829 sr=0.000>
    [0] =  <Rate 11.0 p=1.000 sr=0.546>
    [0] =  <Rate 11.0 p=1.000 sr=0.546>
    [0] =  <Rate 18.0 p=0.818 sr=0.000>
    [0] =  <Rate 11.0 p=1.000 sr=0.546>
    [0] =  <Rate 11.0 p=1.000 sr=0.551>
    [0] =  <Rate 18.0 p=0.784 sr=0.000>
    [0] =  <Rate 11.0 p=1.000 sr=0.555>
    [0] =  <Rate 11.0 p=1.000 sr=0.565>
    [0] =  <Rate 11.0 p=1.000 sr=0.570>
    [0] =  <Rate 11.0 p=1.000 sr=0.570>
    [0] =  <Rate 11.0 p=1.000 sr=0.574>
    [0] =  <Rate 18.0 p=0.851 sr=0.000>
    [0] =  <Rate 11.0 p=1.000 sr=0.579>
    [0] =  <Rate 11.0 p=1.000 sr=0.583>
    [0] =  <Rate 11.0 p=1.000 sr=0.588>
    [0] =  <Rate 11.0 p=1.000 sr=0.592>
    [0] =  <Rate 18.0 p=0.788 sr=0.000>
    [0] =  <Rate 11.0 p=1.000 sr=0.597>
    [0] =  <Rate 18.0 p=0.778 sr=0.001>
    [0] =  <Rate 11.0 p=1.000 sr=0.601>
    [0] =  <Rate 11.0 p=1.000 sr=0.611>
    [0] =  <Rate 11.0 p=1.000 sr=0.615>
    [0] =  <Rate 11.0 p=1.000 sr=0.620>
    [0] =  <Rate 11.0 p=1.000 sr=0.624>
    [0] =  <Rate 18.0 p=0.822 sr=0.001>
    [0] =  <Rate 11.0 p=1.000 sr=0.629>
    [0] =  <Rate 11.0 p=1.000 sr=0.629>
    [0] =  <Rate 18.0 p=0.933 sr=0.000>
    [0] =  <Rate 11.0 p=1.000 sr=0.633>
    [0] =  <Rate 11.0 p=1.000 sr=0.638>
    [0] =  <Rate 18.0 p=0.773 sr=0.000>
    [0] =  <Rate 11.0 p=1.000 sr=0.642>
    [0] =  <Rate 11.0 p=1.000 sr=0.647>
    [0] =  <Rate 18.0 p=0.778 sr=0.000>
    [0] =  <Rate 11.0 p=1.000 sr=0.651>
    [0] =  <Rate 11.0 p=1.000 sr=0.655>
    [0] =  <Rate 18.0 p=0.894 sr=0.000>
    [0] =  <Rate 11.0 p=1.000 sr=0.660>
    [0] =  <Rate 18.0 p=0.829 sr=0.001>
    [0] =  <Rate 11.0 p=1.000 sr=0.660>
    [0] =  <Rate 18.0 p=0.784 sr=0.001>
    [0] =  <Rate 11.0 p=1.000 sr=0.665>
    [0] =  <Rate 18.0 p=0.844 sr=0.000>
    [0] =  <Rate 11.0 p=1.000 sr=0.665>
    [0] =  <Rate 18.0 p=0.924 sr=0.000>
    [0] =  <Rate 11.0 p=1.000 sr=0.665>
    [0] =  <Rate 9.0 p=0.903 sr=0.125>
    [0] =  <Rate 18.0 p=0.839 sr=0.000>
    [0] =  <Rate 9.0 p=0.903 sr=0.125>
    [0] =  <Rate 9.0 p=0.999 sr=0.133>
    [0] =  <Rate 18.0 p=0.733 sr=0.000>
    [0] =  <Rate 9.0 p=1.000 sr=0.140>
    [0] =  <Rate 18.0 p=0.841 sr=0.000>
    [0] =  <Rate 9.0 p=1.000 sr=0.140>
    [0] =  <Rate 9.0 p=1.000 sr=0.140>
    [0] =  <Rate 18.0 p=0.866 sr=0.000>
    [0] =  <Rate 9.0 p=1.000 sr=0.155>
    [0] =  <Rate 9.0 p=1.000 sr=0.162>
    [0] =  <Rate 18.0 p=0.860 sr=0.001>
    [0] =  <Rate 9.0 p=1.000 sr=0.169>
    [0] =  <Rate 18.0 p=0.752 sr=0.000>
    [0] =  <Rate 9.0 p=1.000 sr=0.169>
    [0] =  <Rate 18.0 p=0.896 sr=0.000>
    [0] =  <Rate 9.0 p=1.000 sr=0.169>
    [0] =  <Rate 18.0 p=0.842 sr=0.000>
    [0] =  <Rate 9.0 p=1.000 sr=0.176>
    [0] =  <Rate 18.0 p=0.831 sr=0.001>
    [0] =  <Rate 9.0 p=1.000 sr=0.176>
    [0] =  <Rate 18.0 p=0.755 sr=0.001>
    [0] =  <Rate 9.0 p=1.000 sr=0.184>
    [0] =  <Rate 9.0 p=1.000 sr=0.184>
    [0] =  <Rate 12.0 p=0.806 sr=0.171>
    [0] =  <Rate 12.0 p=1.000 sr=0.174>
    [0] =  <Rate 12.0 p=1.000 sr=0.176>
    [0] =  <Rate 12.0 p=1.000 sr=0.179>
    [0] =  <Rate 12.0 p=1.000 sr=0.181>
    [0] =  <Rate 12.0 p=1.000 sr=0.184>
    [0] =  <Rate 12.0 p=1.000 sr=0.187>
    [0] =  <Rate 12.0 p=1.000 sr=0.188>
    [0] =  <Rate 12.0 p=1.000 sr=0.190>
    [0] =  <Rate 18.0 p=0.891 sr=0.000>
    [0] =  <Rate 12.0 p=1.000 sr=0.191>
    [0] =  <Rate 12.0 p=1.000 sr=0.191>
    [0] =  <Rate 12.0 p=1.000 sr=0.193>
    [0] =  <Rate 12.0 p=1.000 sr=0.195>
    [0] =  <Rate 12.0 p=1.000 sr=0.196>
    [0] =  <Rate 12.0 p=1.000 sr=0.198>
    [0] =  <Rate 12.0 p=1.000 sr=0.200>
    [0] =  <Rate 18.0 p=0.949 sr=0.000>
    [0] =  <Rate 12.0 p=1.000 sr=0.202>
    [0] =  <Rate 12.0 p=1.000 sr=0.202>
    [0] =  <Rate 12.0 p=1.000 sr=0.204>
    [0] =  <Rate 12.0 p=1.000 sr=0.206>
    [0] =  <Rate 12.0 p=1.000 sr=0.208>
    [0] =  <Rate 12.0 p=1.000 sr=0.211>
    [0] =  <Rate 12.0 p=1.000 sr=0.213>
    [0] =  <Rate 18.0 p=0.842 sr=0.000>
    [0] =  <Rate 12.0 p=1.000 sr=0.215>
    [0] =  <Rate 12.0 p=1.000 sr=0.217>
    [0] =  <Rate 12.0 p=1.000 sr=0.220>
    [0] =  <Rate 12.0 p=1.000 sr=0.222>
    [0] =  <Rate 12.0 p=1.000 sr=0.224>
    [0] =  <Rate 12.0 p=1.000 sr=0.227>
    [0] =  <Rate 18.0 p=0.952 sr=0.000>
    [0] =  <Rate 12.0 p=1.000 sr=0.229>
    [0] =  <Rate 18.0 p=0.863 sr=0.000>
    [0] =  <Rate 12.0 p=1.000 sr=0.229>
    [0] =  <Rate 12.0 p=1.000 sr=0.229>
    [0] =  <Rate 18.0 p=0.867 sr=0.000>
    [0] =  <Rate 12.0 p=1.000 sr=0.232>
    [0] =  <Rate 18.0 p=0.931 sr=0.000>
    [0] =  <Rate 12.0 p=1.000 sr=0.232>
    [0] =  <Rate 18.0 p=0.848 sr=0.000>
    [0] =  <Rate 12.0 p=1.000 sr=0.234>
    [0] =  <Rate 18.0 p=0.921 sr=0.000>
    [0] =  <Rate 12.0 p=1.000 sr=0.234>
    [0] =  <Rate 18.0 p=0.876 sr=0.001>
    [0] =  <Rate 12.0 p=1.000 sr=0.234>
    [0] =  <Rate 18.0 p=0.856 sr=0.001>
    [0] =  <Rate 12.0 p=1.000 sr=0.234>
    [0] =  <Rate 12.0 p=1.000 sr=0.238>
    [0] =  <Rate 12.0 p=1.000 sr=0.241>
    [0] =  <Rate 12.0 p=1.000 sr=0.244>
    [0] =  <Rate 12.0 p=1.000 sr=0.247>
    [0] =  <Rate 12.0 p=1.000 sr=0.250>
    [0] =  <Rate 12.0 p=1.000 sr=0.253>
    [0] =  <Rate 12.0 p=1.000 sr=0.257>
    [0] =  <Rate 18.0 p=0.941 sr=0.000>
    [0] =  <Rate 12.0 p=1.000 sr=0.260>
    [0] =  <Rate 18.0 p=0.838 sr=0.000>
    [0] =  <Rate 12.0 p=1.000 sr=0.260>
    [0] =  <Rate 12.0 p=1.000 sr=0.260>
    [0] =  <Rate 12.0 p=1.000 sr=0.263>
    [0] =  <Rate 12.0 p=1.000 sr=0.266>
    [0] =  <Rate 18.0 p=0.816 sr=0.000>
    [0] =  <Rate 12.0 p=1.000 sr=0.269>
    [0] =  <Rate 12.0 p=1.000 sr=0.272>
    [0] =  <Rate 18.0 p=0.855 sr=0.000>
    [0] =  <Rate 12.0 p=1.000 sr=0.279>
    [0] =  <Rate 12.0 p=1.000 sr=0.282>
    [0] =  <Rate 18.0 p=0.922 sr=0.001>
    [0] =  <Rate 12.0 p=1.000 sr=0.282>
    [0] =  <Rate 18.0 p=0.834 sr=0.000>
    [0] =  <Rate 12.0 p=1.000 sr=0.282>
    [0] =  <Rate 18.0 p=0.918 sr=0.000>
    [0] =  <Rate 12.0 p=1.000 sr=0.282>
    [0] =  <Rate 18.0 p=0.951 sr=0.000>
    [0] =  <Rate 12.0 p=1.000 sr=0.282>
    [0] =  <Rate 12.0 p=1.000 sr=0.286>
    [0] =  <Rate 12.0 p=1.000 sr=0.289>
    [0] =  <Rate 12.0 p=1.000 sr=0.293>
    [0] =  <Rate 12.0 p=1.000 sr=0.297>
    [0] =  <Rate 12.0 p=1.000 sr=0.304>
    [0] =  <Rate 12.0 p=1.000 sr=0.304>
    [0] =  <Rate 18.0 p=0.909 sr=0.000>
    [0] =  <Rate 12.0 p=1.000 sr=0.304>
    [0] =  <Rate 12.0 p=1.000 sr=0.304>
    [0] =  <Rate 12.0 p=1.000 sr=0.307>
    [0] =  <Rate 18.0 p=0.951 sr=0.000>
    [0] =  <Rate 12.0 p=1.000 sr=0.311>
    [0] =  <Rate 12.0 p=1.000 sr=0.311>
    [0] =  <Rate 12.0 p=1.000 sr=0.315>
    [0] =  <Rate 18.0 p=0.930 sr=0.000>
    [0] =  <Rate 12.0 p=1.000 sr=0.319>
    [0] =  <Rate 12.0 p=1.000 sr=0.319>
    [0] =  <Rate 18.0 p=0.811 sr=0.000>
    [0] =  <Rate 12.0 p=1.000 sr=0.322>
    [0] =  <Rate 18.0 p=0.823 sr=0.000>
    [0] =  <Rate 12.0 p=1.000 sr=0.326>
    [0] =  <Rate 12.0 p=1.000 sr=0.330>
    [0] =  <Rate 12.0 p=1.000 sr=0.334>
    [0] =  <Rate 18.0 p=0.935 sr=0.001>
    [0] =  <Rate 12.0 p=1.000 sr=0.337>
    [0] =  <Rate 12.0 p=1.000 sr=0.342>
    [0] =  <Rate 12.0 p=1.000 sr=0.346>
    [0] =  <Rate 12.0 p=1.000 sr=0.346>
    [0] =  <Rate 18.0 p=0.889 sr=0.001>
    [0] =  <Rate 12.0 p=1.000 sr=0.346>
    [0] =  <Rate 12.0 p=1.000 sr=0.346>
    [0] =  <Rate 18.0 p=0.851 sr=0.000>
    [0] =  <Rate 12.0 p=1.000 sr=0.346>
    [0] =  <Rate 12.0 p=1.000 sr=0.346>
    [0] =  <Rate 18.0 p=0.810 sr=0.000>
    [0] =  <Rate 12.0 p=1.000 sr=0.350>
    [0] =  <Rate 12.0 p=1.000 sr=0.350>
    [0] =  <Rate 12.0 p=1.000 sr=0.355>
    [0] =  <Rate 12.0 p=1.000 sr=0.360>
    [0] =  <Rate 12.0 p=1.000 sr=0.364>
    [0] =  <Rate 12.0 p=1.000 sr=0.369>
    [0] =  <Rate 12.0 p=1.000 sr=0.377>
    [0] =  <Rate 18.0 p=0.909 sr=0.000>
    [0] =  <Rate 12.0 p=1.000 sr=0.382>
    [0] =  <Rate 12.0 p=1.000 sr=0.386>
    [0] =  <Rate 18.0 p=0.915 sr=0.000>
    [0] =  <Rate 12.0 p=1.000 sr=0.390>
    [0] =  <Rate 12.0 p=1.000 sr=0.395>
    [0] =  <Rate 12.0 p=1.000 sr=0.399>
    [0] =  <Rate 18.0 p=0.901 sr=0.000>
    [0] =  <Rate 12.0 p=1.000 sr=0.403>
    [0] =  <Rate 12.0 p=1.000 sr=0.408>
    [0] =  <Rate 12.0 p=1.000 sr=0.412>
    [0] =  <Rate 18.0 p=0.868 sr=0.000>
    [0] =  <Rate 12.0 p=1.000 sr=0.416>
    [0] =  <Rate 12.0 p=1.000 sr=0.425>
    [0] =  <Rate 12.0 p=1.000 sr=0.434>
    [0] =  <Rate 12.0 p=1.000 sr=0.438>
    [0] =  <Rate 12.0 p=1.000 sr=0.446>
    [0] =  <Rate 12.0 p=1.000 sr=0.450>
    [0] =  <Rate 12.0 p=1.000 sr=0.454>
    [0] =  <Rate 12.0 p=1.000 sr=0.458>
    [0] =  <Rate 12.0 p=1.000 sr=0.462>
    [0] =  <Rate 12.0 p=1.000 sr=0.466>
    [0] =  <Rate 12.0 p=1.000 sr=0.470>
    [0] =  <Rate 12.0 p=1.000 sr=0.473>
    [0] =  <Rate 12.0 p=1.000 sr=0.477>
    [0] =  <Rate 12.0 p=1.000 sr=0.481>
    [0] =  <Rate 12.0 p=1.000 sr=0.484>
    [0] =  <Rate 12.0 p=1.000 sr=0.488>
    [0] =  <Rate 18.0 p=0.933 sr=0.000>
    [0] =  <Rate 12.0 p=1.000 sr=0.492>
    [0] =  <Rate 12.0 p=1.000 sr=0.495>
    [0] =  <Rate 12.0 p=1.000 sr=0.499>
    [0] =  <Rate 12.0 p=1.000 sr=0.502>
    [0] =  <Rate 18.0 p=0.852 sr=0.000>
    [0] =  <Rate 12.0 p=1.000 sr=0.502>
    [0] =  <Rate 12.0 p=1.000 sr=0.506>
    [0] =  <Rate 12.0 p=1.000 sr=0.510>
    [0] =  <Rate 12.0 p=1.000 sr=0.510>
    [0] =  <Rate 18.0 p=0.964 sr=0.000>
    [0] =  <Rate 12.0 p=1.000 sr=0.513>
    [0] =  <Rate 18.0 p=0.822 sr=0.000>
    [0] =  <Rate 12.0 p=1.000 sr=0.517>
    [0] =  <Rate 12.0 p=1.000 sr=0.521>
    [0] =  <Rate 12.0 p=1.000 sr=0.524>
    [0] =  <Rate 18.0 p=0.945 sr=0.000>
    [0] =  <Rate 12.0 p=1.000 sr=0.528>
    [0] =  <Rate 12.0 p=1.000 sr=0.532>
    [0] =  <Rate 12.0 p=1.000 sr=0.535>
    [0] =  <Rate 12.0 p=1.000 sr=0.539>
    [0] =  <Rate 18.0 p=0.938 sr=0.000>
    [0] =  <Rate 12.0 p=1.000 sr=0.543>
    [0] =  <Rate 12.0 p=1.000 sr=0.543>
    [0] =  <Rate 12.0 p=1.000 sr=0.546>
    [0] =  <Rate 12.0 p=1.000 sr=0.550>
    [0] =  <Rate 12.0 p=1.000 sr=0.553>
    [0] =  <Rate 18.0 p=0.816 sr=0.000>
    [0] =  <Rate 12.0 p=1.000 sr=0.557>
    [0] =  <Rate 18.0 p=0.887 sr=0.002>
    [0] =  <Rate 12.0 p=1.000 sr=0.565>
    [0] =  <Rate 12.0 p=1.000 sr=0.572>
    [0] =  <Rate 18.0 p=0.903 sr=0.001>
    [0] =  <Rate 12.0 p=1.000 sr=0.572>
    [0] =  <Rate 12.0 p=1.000 sr=0.572>
    [0] =  <Rate 12.0 p=1.000 sr=0.576>
    [0] =  <Rate 12.0 p=1.000 sr=0.580>
    [0] =  <Rate 12.0 p=1.000 sr=0.584>
    [0] =  <Rate 12.0 p=1.000 sr=0.946>
    [0] =  <Rate 12.0 p=1.000 sr=0.967>
    [0] =  <Rate 12.0 p=1.000 sr=1.000>
    [0] =  <Rate 12.0 p=1.000 sr=1.000>
    [0] =  <Rate 9.0 p=0.979 sr=0.086>
    [0] =  <Rate 9.0 p=1.000 sr=0.725>
    [0] =  <Rate 9.0 p=1.000 sr=0.762>
    [0] =  <Rate 9.0 p=1.000 sr=1.000>
    [0] =  <Rate 9.0 p=1.000 sr=1.000>
    [0] =  <Rate 9.0 p=1.000 sr=1.000>
    [0] =  <Rate 9.0 p=1.000 sr=1.000>
    [0] =  <Rate 9.0 p=1.000 sr=1.000>
    [0] =  <Rate 9.0 p=1.000 sr=1.000>
    [0] =  <Rate 9.0 p=1.000 sr=1.000>
    [0] =  <Rate 9.0 p=1.000 sr=1.000>
    [0] =  <Rate 9.0 p=1.000 sr=1.000>
    [0] =  <Rate 9.0 p=1.000 sr=1.000>
    [0] =  <Rate 9.0 p=1.000 sr=1.000>
    [0] =  <Rate 9.0 p=1.000 sr=1.000>
    [0] =  <Rate 9.0 p=1.000 sr=1.000>
    [0] =  <Rate 9.0 p=1.000 sr=1.000>
    [0] =  <Rate 9.0 p=1.000 sr=1.000>
    [0] =  <Rate 9.0 p=1.000 sr=1.000>
    [0] =  <Rate 9.0 p=1.000 sr=1.000>
    [0] =  <Rate 9.0 p=1.000 sr=1.000>
    [0] =  <Rate 9.0 p=1.000 sr=1.000>
    [0] =  <Rate 9.0 p=1.000 sr=1.000>
    [0] =  <Rate 9.0 p=1.000 sr=1.000>
    [0] =  <Rate 9.0 p=1.000 sr=1.000>
    [0] =  <Rate 9.0 p=1.000 sr=1.000>
    [0] =  <Rate 9.0 p=1.000 sr=1.000>
    [0] =  <Rate 9.0 p=1.000 sr=1.000>
    [0] =  <Rate 9.0 p=1.000 sr=1.000>
    [0] =  <Rate 9.0 p=1.000 sr=1.000>
    [0] =  <Rate 9.0 p=1.000 sr=1.000>
    [0] =  <Rate 9.0 p=1.000 sr=1.000>
    [0] =  <Rate 9.0 p=1.000 sr=1.000>
    [0] =  <Rate 11.0 p=0.778 sr=0.011>
    [0] =  <Rate 9.0 p=0.773 sr=1.000>
    [0] =  <Rate 6.0 p=0.911 sr=0.531>
    [0] =  <Rate 6.0 p=1.000 sr=0.845>
    [0] =  <Rate 6.0 p=1.000 sr=0.923>
    [0] =  <Rate 6.0 p=1.000 sr=1.000>
    [0] =  <Rate 6.0 p=1.000 sr=1.000>
    [0] =  <Rate 6.0 p=1.000 sr=1.000>
    [0] =  <Rate 6.0 p=1.000 sr=1.000>
    [0] =  <Rate 11.0 p=0.806 sr=0.007>
    [0] =  <Rate 6.0 p=1.000 sr=1.000>
    [0] =  <Rate 6.0 p=1.000 sr=1.000>
    [0] =  <Rate 6.0 p=1.000 sr=1.000>
    [0] =  <Rate 11.0 p=0.801 sr=0.003>
    [0] =  <Rate 6.0 p=1.000 sr=1.000>
    [0] =  <Rate 6.0 p=1.000 sr=1.000>
    [0] =  <Rate 11.0 p=0.785 sr=0.001>
    [0] =  <Rate 6.0 p=1.000 sr=1.000>
    [0] =  <Rate 6.0 p=1.000 sr=1.000>
    [0] =  <Rate 11.0 p=0.899 sr=0.001>
    [0] =  <Rate 6.0 p=1.000 sr=1.000>
    [0] =  <Rate 11.0 p=0.861 sr=0.000>
    [0] =  <Rate 6.0 p=1.000 sr=1.000>
    [0] =  <Rate 11.0 p=0.779 sr=0.001>
    [0] =  <Rate 6.0 p=1.000 sr=1.000>
    [0] =  <Rate 6.0 p=1.000 sr=1.000>
    [0] =  <Rate 6.0 p=1.000 sr=1.000>
    [0] =  <Rate 6.0 p=1.000 sr=1.000>
    [0] =  <Rate 6.0 p=1.000 sr=1.000>
    [0] =  <Rate 11.0 p=0.890 sr=0.001>
    [0] =  <Rate 6.0 p=1.000 sr=1.000>
    [0] =  <Rate 11.0 p=0.790 sr=0.001>
    [0] =  <Rate 6.0 p=1.000 sr=1.000>
    [0] =  <Rate 11.0 p=0.795 sr=0.001>
    [0] =  <Rate 6.0 p=1.000 sr=1.000>
    [0] =  <Rate 11.0 p=0.808 sr=0.003>
    [0] =  <Rate 6.0 p=1.000 sr=1.000>
    [0] =  <Rate 6.0 p=1.000 sr=1.000>
    [0] =  <Rate 6.0 p=1.000 sr=1.000>
    [0] =  <Rate 11.0 p=0.814 sr=0.003>
    [0] =  <Rate 6.0 p=1.000 sr=1.000>
    [0] =  <Rate 6.0 p=1.000 sr=1.000>
    [0] =  <Rate 6.0 p=1.000 sr=1.000>
    [0] =  <Rate 11.0 p=0.824 sr=0.001>
    [0] =  <Rate 6.0 p=1.000 sr=1.000>
    [0] =  <Rate 6.0 p=1.000 sr=1.000>
    [0] =  <Rate 11.0 p=0.879 sr=0.001>
    [0] =  <Rate 6.0 p=1.000 sr=1.000>
    [0] =  <Rate 11.0 p=0.813 sr=0.000>
    [0] =  <Rate 6.0 p=1.000 sr=1.000>
    [0] =  <Rate 11.0 p=0.815 sr=0.000>
Simulation ran with 510688 LUOPS
[summary] 15.10 s to send 9219 packets (and 1030 failures)
Average packet took 1.638 ms / achieved 7.326 Mbps
  1.0 Mbps :     29 tries (79% success;    0.4s total)
  2.0 Mbps :     38 tries (74% success;    0.2s total)
  5.5 Mbps :    281 tries (95% success;    0.7s total)
 11.0 Mbps :    862 tries (93% success;    1.3s total)
  6.0 Mbps :    292 tries (88% success;    0.7s total)
  9.0 Mbps :   2853 tries (98% success;    4.8s total)
 12.0 Mbps :   2514 tries (99% success;    3.4s total)
 18.0 Mbps :   3179 tries (81% success;    3.3s total)
 24.0 Mbps :     44 tries ( 0% success;    0.0s total)
 36.0 Mbps :     65 tries ( 5% success;    0.0s total)
 48.0 Mbps :     49 tries ( 0% success;    0.0s total)
 54.0 Mbps :     43 tries ( 0% success;    0.0s total)
