Running with random seed 4470790035198808636
Running at rate 1 Mbps...
    [0] =  <Rate 48.0 p=1.000 sr=0.300>
    [0] =  <Rate 54.0 p=0.946 sr=0.219>
    [0] =  <Rate 36.0 p=1.000 sr=0.300>
    [0] =  <Rate 48.0 p=0.890 sr=0.213>
    [0] =  <Rate 54.0 p=0.836 sr=0.155>
    [0] =  <Rate 24.0 p=1.000 sr=0.300>
    [0] =  <Rate 36.0 p=0.792 sr=0.206>
    [0] =  <Rate 48.0 p=0.738 sr=0.146>
    [0] =  <Rate 18.0 p=1.000 sr=0.300>
    [0] =  <Rate 18.0 p=1.000 sr=0.300>
    [0] =  <Rate 18.0 p=1.000 sr=0.300>
    [0] =  <Rate 18.0 p=1.000 sr=0.300>
    [0] =  <Rate 18.0 p=1.000 sr=0.300>
    [0] =  <Rate 18.0 p=1.000 sr=0.305>
    [0] =  <Rate 18.0 p=1.000 sr=0.307>
    [0] =  <Rate 18.0 p=1.000 sr=0.318>
    [0] =  <Rate 18.0 p=1.000 sr=0.335>
    [0] =  <Rate 18.0 p=1.000 sr=0.395>
    [0] =  <Rate 18.0 p=1.000 sr=0.428>
    [0] =  <Rate 18.0 p=1.000 sr=0.442>
    [0] =  <Rate 18.0 p=1.000 sr=0.474>
    [0] =  <Rate 18.0 p=1.000 sr=0.502>
    [0] =  <Rate 18.0 p=1.000 sr=0.579>
    [0] =  <Rate 18.0 p=1.000 sr=0.593>
    [0] =  <Rate 18.0 p=1.000 sr=0.682>
    [0] =  <Rate 18.0 p=1.000 sr=0.688>
    [0] =  <Rate 18.0 p=1.000 sr=0.737>
    [0] =  <Rate 18.0 p=1.000 sr=0.738>
    [0] =  <Rate 18.0 p=1.000 sr=0.755>
    [0] =  <Rate 18.0 p=1.000 sr=0.794>
    [0] =  <Rate 18.0 p=1.000 sr=0.795>
    [0] =  <Rate 18.0 p=1.000 sr=0.839>
    [0] =  <Rate 18.0 p=1.000 sr=0.854>
    [0] =  <Rate 18.0 p=1.000 sr=0.891>
    [0] =  <Rate 18.0 p=1.000 sr=0.897>
    [0] =  <Rate 18.0 p=1.000 sr=0.943>
    [0] =  <Rate 18.0 p=1.000 sr=0.975>
    [0] =  <Rate 18.0 p=1.000 sr=0.980>
    [0] =  <Rate 18.0 p=1.000 sr=1.000>
    [0] =  <Rate 18.0 p=1.000 sr=1.000>
    [0] =  <Rate 18.0 p=1.000 sr=1.000>
    [0] =  <Rate 18.0 p=1.000 sr=1.000>
    [0] =  <Rate 18.0 p=1.000 sr=1.000>
    [0] =  <Rate 18.0 p=1.000 sr=1.000>
    [0] =  <Rate 18.0 p=1.000 sr=1.000>
    [0] =  <Rate 18.0 p=1.000 sr=1.000>
    [0] =  <Rate 54.0 p=0.763 sr=0.010>
    [0] =  <Rate 18.0 p=1.000 sr=1.000>
    [0] =  <Rate 18.0 p=1.000 sr=1.000>
    [0] =  <Rate 18.0 p=1.000 sr=1.000>
    [0] =  <Rate 18.0 p=1.000 sr=1.000>
    [0] =  <Rate 18.0 p=1.000 sr=1.000>
    [0] =  <Rate 18.0 p=1.000 sr=1.000>
    [0] =  <Rate 18.0 p=1.000 sr=1.000>
    [0] =  <Rate 18.0 p=1.000 sr=1.000>
    [0] =  <Rate 18.0 p=1.000 sr=1.000>
    [0] =  <Rate 18.0 p=1.000 sr=1.000>
    [0] =  <Rate 18.0 p=1.000 sr=1.000>
    [0] =  <Rate 18.0 p=1.000 sr=1.000>
    [0] =  <Rate 18.0 p=1.000 sr=1.000>
    [0] =  <Rate 18.0 p=1.000 sr=1.000>
    [0] =  <Rate 18.0 p=1.000 sr=1.000>
    [0] =  <Rate 18.0 p=1.000 sr=1.000>
    [0] =  <Rate 18.0 p=1.000 sr=1.000>
    [0] =  <Rate 18.0 p=1.000 sr=1.000>
    [0] =  <Rate 54.0 p=0.825 sr=0.001>
    [0] =  <Rate 54.0 p=0.999 sr=0.004>
    [0] =  <Rate 54.0 p=1.000 sr=0.051>
    [0] =  <Rate 54.0 p=1.000 sr=0.085>
    [0] =  <Rate 54.0 p=1.000 sr=0.140>
    [0] =  <Rate 18.0 p=1.000 sr=1.000>
    [0] =  <Rate 36.0 p=0.811 sr=0.022>
    [0] =  <Rate 36.0 p=0.999 sr=0.022>
    [0] =  <Rate 18.0 p=1.000 sr=1.000>
    [0] =  <Rate 36.0 p=0.834 sr=0.014>
    [0] =  <Rate 18.0 p=1.000 sr=1.000>
    [0] =  <Rate 18.0 p=1.000 sr=1.000>
    [0] =  <Rate 18.0 p=1.000 sr=1.000>
    [0] =  <Rate 18.0 p=1.000 sr=1.000>
    [0] =  <Rate 18.0 p=1.000 sr=1.000>
    [0] =  <Rate 18.0 p=1.000 sr=1.000>
    [0] =  <Rate 18.0 p=1.000 sr=1.000>
    [0] =  <Rate 18.0 p=1.000 sr=1.000>
    [0] =  <Rate 18.0 p=1.000 sr=1.000>
    [0] =  <Rate 18.0 p=1.000 sr=1.000>
    [0] =  <Rate 18.0 p=1.000 sr=1.000>
    [0] =  <Rate 18.0 p=1.000 sr=1.000>
    [0] =  <Rate 18.0 p=1.000 sr=1.000>
    [0] =  <Rate 18.0 p=1.000 sr=1.000>
    [0] =  <Rate 18.0 p=1.000 sr=1.000>
    [0] =  <Rate 18.0 p=1.000 sr=1.000>
    [0] =  <Rate 18.0 p=1.000 sr=1.000>
    [0] =  <Rate 18.0 p=1.000 sr=1.000>
    [0] =  <Rate 18.0 p=1.000 sr=1.000>
    [0] =  <Rate 18.0 p=1.000 sr=1.000>
    [0] =  <Rate 18.0 p=1.000 sr=1.000>
    [0] =  <Rate 18.0 p=1.000 sr=1.000>
    [0] =  <Rate 18.0 p=1.000 sr=1.000>
    [0] =  <Rate 18.0 p=1.000 sr=1.000>
    [0] =  <Rate 18.0 p=1.000 sr=1.000>
    [0] =  <Rate 18.0 p=1.000 sr=1.000>
    [0] =  <Rate 18.0 p=1.000 sr=1.000>
    [0] =  <Rate 18.0 p=1.000 sr=1.000>
    [0] =  <Rate 18.0 p=1.000 sr=1.000>
    [0] =  <Rate 18.0 p=1.000 sr=1.000>
    [0] =  <Rate 18.0 p=1.000 sr=1.000>
    [0] =  <Rate 18.0 p=1.000 sr=1.000>
    [0] =  <Rate 18.0 p=1.000 sr=1.000>
    [0] =  <Rate 36.0 p=0.835 sr=0.006>
    [0] =  <Rate 18.0 p=1.000 sr=1.000>
    [0] =  <Rate 18.0 p=1.000 sr=1.000>
    [0] =  <Rate 18.0 p=1.000 sr=1.000>
    [0] =  <Rate 18.0 p=1.000 sr=1.000>
    [0] =  <Rate 18.0 p=1.000 sr=1.000>
    [0] =  <Rate 18.0 p=1.000 sr=1.000>
    [0] =  <Rate 18.0 p=1.000 sr=1.000>
    [0] =  <Rate 18.0 p=1.000 sr=1.000>
    [0] =  <Rate 18.0 p=1.000 sr=1.000>
    [0] =  <Rate 18.0 p=1.000 sr=1.000>
    [0] =  <Rate 18.0 p=1.000 sr=1.000>
    [0] =  <Rate 18.0 p=1.000 sr=1.000>
    [0] =  <Rate 18.0 p=1.000 sr=1.000>
    [0] =  <Rate 18.0 p=1.000 sr=1.000>
    [0] =  <Rate 18.0 p=1.000 sr=1.000>
    [0] =  <Rate 18.0 p=1.000 sr=1.000>
    [0] =  <Rate 18.0 p=1.000 sr=1.000>
    [0] =  <Rate 18.0 p=1.000 sr=1.000>
    [0] =  <Rate 18.0 p=1.000 sr=1.000>
    [0] =  <Rate 18.0 p=1.000 sr=1.000>
    [0] =  <Rate 18.0 p=1.000 sr=1.000>
    [0] =  <Rate 18.0 p=1.000 sr=1.000>
    [0] =  <Rate 18.0 p=1.000 sr=1.000>
    [0] =  <Rate 36.0 p=0.772 sr=0.000>
    [0] =  <Rate 18.0 p=1.000 sr=1.000>
    [0] =  <Rate 18.0 p=1.000 sr=1.000>
    [0] =  <Rate 18.0 p=1.000 sr=1.000>
    [0] =  <Rate 18.0 p=1.000 sr=1.000>
    [0] =  <Rate 18.0 p=1.000 sr=1.000>
    [0] =  <Rate 18.0 p=1.000 sr=1.000>
    [0] =  <Rate 18.0 p=1.000 sr=1.000>
    [0] =  <Rate 18.0 p=1.000 sr=1.000>
    [0] =  <Rate 36.0 p=0.816 sr=0.000>
    [0] =  <Rate 18.0 p=1.000 sr=1.000>
    [0] =  <Rate 18.0 p=1.000 sr=1.000>
    [0] =  <Rate 18.0 p=1.000 sr=1.000>
    [0] =  <Rate 18.0 p=1.000 sr=1.000>
    [0] =  <Rate 18.0 p=1.000 sr=1.000>
    [0] =  <Rate 18.0 p=1.000 sr=1.000>
    [0] =  <Rate 18.0 p=1.000 sr=1.000>
    [0] =  <Rate 18.0 p=1.000 sr=1.000>
    [0] =  <Rate 18.0 p=1.000 sr=1.000>
    [0] =  <Rate 18.0 p=1.000 sr=1.000>
    [0] =  <Rate 18.0 p=1.000 sr=1.000>
    [0] =  <Rate 18.0 p=1.000 sr=1.000>
    [0] =  <Rate 18.0 p=1.000 sr=1.000>
    [0] =  <Rate 18.0 p=1.000 sr=1.000>
    [0] =  <Rate 18.0 p=1.000 sr=1.000>
    [0] =  <Rate 36.0 p=0.859 sr=0.001>
    [0] =  <Rate 18.0 p=1.000 sr=1.000>
    [0] =  <Rate 18.0 p=1.000 sr=1.000>
    [0] =  <Rate 36.0 p=0.897 sr=0.001>
    [0] =  <Rate 18.0 p=1.000 sr=1.000>
    [0] =  <Rate 18.0 p=1.000 sr=1.000>
    [0] =  <Rate 18.0 p=1.000 sr=1.000>
    [0] =  <Rate 18.0 p=1.000 sr=1.000>
    [0] =  <Rate 18.0 p=1.000 sr=1.000>
    [0] =  <Rate 18.0 p=1.000 sr=1.000>
    [0] =  <Rate 18.0 p=1.000 sr=1.000>
    [0] =  <Rate 18.0 p=1.000 sr=1.000>
    [0] =  <Rate 36.0 p=0.839 sr=0.000>
    [0] =  <Rate 18.0 p=1.000 sr=1.000>
    [0] =  <Rate 18.0 p=1.000 sr=1.000>
    [0] =  <Rate 18.0 p=1.000 sr=1.000>
    [0] =  <Rate 18.0 p=1.000 sr=1.000>
    [0] =  <Rate 18.0 p=1.000 sr=1.000>
    [0] =  <Rate 18.0 p=1.000 sr=1.000>
    [0] =  <Rate 18.0 p=1.000 sr=1.000>
    [0] =  <Rate 18.0 p=1.000 sr=1.000>
    [0] =  <Rate 18.0 p=1.000 sr=1.000>
    [0] =  <Rate 18.0 p=1.000 sr=1.000>
    [0] =  <Rate 18.0 p=1.000 sr=1.000>
    [0] =  <Rate 36.0 p=0.783 sr=0.000>
    [0] =  <Rate 18.0 p=1.000 sr=1.000>
    [0] =  <Rate 18.0 p=1.000 sr=1.000>
    [0] =  <Rate 18.0 p=1.000 sr=1.000>
    [0] =  <Rate 18.0 p=1.000 sr=1.000>
    [0] =  <Rate 18.0 p=1.000 sr=1.000>
    [0] =  <Rate 18.0 p=1.000 sr=1.000>
    [0] =  <Rate 18.0 p=1.000 sr=1.000>
    [0] =  <Rate 18.0 p=1.000 sr=1.000>
    [0] =  <Rate 18.0 p=1.000 sr=1.000>
    [0] =  <Rate 18.0 p=1.000 sr=1.000>
    [0] =  <Rate 18.0 p=1.000 sr=1.000>
    [0] =  <Rate 18.0 p=1.000 sr=1.000>
    [0] =  <Rate 18.0 p=1.000 sr=1.000>
    [0] =  <Rate 18.0 p=1.000 sr=1.000>
    [0] =  <Rate 18.0 p=1.000 sr=1.000>
    [0] =  <Rate 18.0 p=1.000 sr=1.000>
    [0] =  <Rate 18.0 p=1.000 sr=1.000>
    [0] =  <Rate 18.0 p=1.000 sr=1.000>
    [0] =  <Rate 18.0 p=1.000 sr=1.000>
    [0] =  <Rate 18.0 p=1.000 sr=1.000>
    [0] =  <Rate 18.0 p=1.000 sr=1.000>
    [0] =  <Rate 36.0 p=0.828 sr=0.001>
    [0] =  <Rate 18.0 p=1.000 sr=1.000>
    [0] =  <Rate 18.0 p=1.000 sr=1.000>
    [0] =  <Rate 18.0 p=1.000 sr=1.000>
    [0] =  <Rate 18.0 p=1.000 sr=1.000>
    [0] =  <Rate 18.0 p=1.000 sr=1.000>
    [0] =  <Rate 36.0 p=0.811 sr=0.001>
    [0] =  <Rate 18.0 p=1.000 sr=1.000>
    [0] =  <Rate 18.0 p=1.000 sr=1.000>
    [0] =  <Rate 18.0 p=1.000 sr=1.000>
    [0] =  <Rate 36.0 p=0.831 sr=0.000>
    [0] =  <Rate 18.0 p=1.000 sr=1.000>
    [0] =  <Rate 36.0 p=0.816 sr=0.000>
    [0] =  <Rate 18.0 p=1.000 sr=1.000>
    [0] =  <Rate 36.0 p=0.928 sr=0.000>
    [0] =  <Rate 18.0 p=1.000 sr=1.000>
    [0] =  <Rate 18.0 p=1.000 sr=1.000>
    [0] =  <Rate 36.0 p=0.880 sr=0.000>
    [0] =  <Rate 18.0 p=1.000 sr=1.000>
    [0] =  <Rate 18.0 p=1.000 sr=1.000>
    [0] =  <Rate 36.0 p=0.837 sr=0.000>
    [0] =  <Rate 18.0 p=1.000 sr=1.000>
    [0] =  <Rate 36.0 p=0.785 sr=0.000>
    [0] =  <Rate 18.0 p=1.000 sr=1.000>
    [0] =  <Rate 18.0 p=1.000 sr=1.000>
    [0] =  <Rate 36.0 p=0.794 sr=0.000>
    [0] =  <Rate 18.0 p=1.000 sr=1.000>
    [0] =  <Rate 18.0 p=1.000 sr=1.000>
    [0] =  <Rate 36.0 p=0.785 sr=0.000>
    [0] =  <Rate 18.0 p=1.000 sr=1.000>
    [0] =  <Rate 18.0 p=1.000 sr=1.000>
    [0] =  <Rate 36.0 p=0.911 sr=0.000>
    [0] =  <Rate 18.0 p=1.000 sr=1.000>
    [0] =  <Rate 18.0 p=1.000 sr=1.000>
    [0] =  <Rate 36.0 p=0.806 sr=0.000>
    [0] =  <Rate 18.0 p=1.000 sr=1.000>
    [0] =  <Rate 36.0 p=0.912 sr=0.000>
    [0] =  <Rate 18.0 p=1.000 sr=1.000>
    [0] =  <Rate 36.0 p=0.843 sr=0.000>
    [0] =  <Rate 18.0 p=1.000 sr=1.000>
    [0] =  <Rate 18.0 p=1.000 sr=1.000>
    [0] =  <Rate 36.0 p=0.925 sr=0.000>
    [0] =  <Rate 18.0 p=1.000 sr=1.000>
    [0] =  <Rate 36.0 p=0.826 sr=0.000>
    [0] =  <Rate 18.0 p=1.000 sr=1.000>
    [0] =  <Rate 18.0 p=1.000 sr=1.000>
    [0] =  <Rate 18.0 p=1.000 sr=1.000>
    [0] =  <Rate 18.0 p=1.000 sr=1.000>
    [0] =  <Rate 36.0 p=0.931 sr=0.000>
    [0] =  <Rate 18.0 p=1.000 sr=1.000>
    [0] =  <Rate 18.0 p=1.000 sr=1.000>
    [0] =  <Rate 18.0 p=1.000 sr=1.000>
    [0] =  <Rate 18.0 p=1.000 sr=1.000>
    [0] =  <Rate 18.0 p=1.000 sr=1.000>
    [0] =  <Rate 18.0 p=1.000 sr=1.000>
    [0] =  <Rate 36.0 p=0.905 sr=0.000>
    [0] =  <Rate 18.0 p=1.000 sr=1.000>
    [0] =  <Rate 18.0 p=1.000 sr=1.000>
    [0] =  <Rate 18.0 p=1.000 sr=1.000>
    [0] =  <Rate 18.0 p=1.000 sr=1.000>
    [0] =  <Rate 18.0 p=1.000 sr=1.000>
    [0] =  <Rate 36.0 p=0.872 sr=0.000>
    [0] =  <Rate 18.0 p=1.000 sr=1.000>
    [0] =  <Rate 36.0 p=0.790 sr=0.000>
    [0] =  <Rate 18.0 p=1.000 sr=1.000>
    [0] =  <Rate 36.0 p=0.803 sr=0.000>
    [0] =  <Rate 18.0 p=1.000 sr=1.000>
    [0] =  <Rate 36.0 p=0.898 sr=0.000>
    [0] =  <Rate 18.0 p=1.000 sr=1.000>
    [0] =  <Rate 18.0 p=1.000 sr=1.000>
    [0] =  <Rate 36.0 p=0.883 sr=0.000>
    [0] =  <Rate 18.0 p=1.000 sr=1.000>
    [0] =  <Rate 18.0 p=1.000 sr=1.000>
    [0] =  <Rate 18.0 p=1.000 sr=1.000>
    [0] =  <Rate 18.0 p=1.000 sr=1.000>
    [0] =  <Rate 18.0 p=1.000 sr=1.000>
    [0] =  <Rate 18.0 p=1.000 sr=1.000>
    [0] =  <Rate 18.0 p=1.000 sr=1.000>
    [0] =  <Rate 36.0 p=0.772 sr=0.000>
    [0] =  <Rate 18.0 p=1.000 sr=1.000>
    [0] =  <Rate 36.0 p=0.853 sr=0.001>
    [0] =  <Rate 18.0 p=1.000 sr=1.000>
    [0] =  <Rate 18.0 p=1.000 sr=1.000>
    [0] =  <Rate 18.0 p=1.000 sr=1.000>
    [0] =  <Rate 18.0 p=1.000 sr=1.000>
    [0] =  <Rate 18.0 p=1.000 sr=1.000>
    [0] =  <Rate 18.0 p=1.000 sr=1.000>
    [0] =  <Rate 18.0 p=1.000 sr=1.000>
    [0] =  <Rate 18.0 p=1.000 sr=1.000>
    [0] =  <Rate 18.0 p=1.000 sr=1.000>
    [0] =  <Rate 18.0 p=1.000 sr=1.000>
    [0] =  <Rate 18.0 p=1.000 sr=1.000>
    [0] =  <Rate 36.0 p=0.834 sr=0.002>
    [0] =  <Rate 18.0 p=1.000 sr=1.000>
    [0] =  <Rate 18.0 p=1.000 sr=1.000>
    [0] =  <Rate 18.0 p=1.000 sr=1.000>
    [0] =  <Rate 18.0 p=1.000 sr=1.000>
    [0] =  <Rate 18.0 p=1.000 sr=1.000>
    [0] =  <Rate 18.0 p=1.000 sr=1.000>
    [0] =  <Rate 18.0 p=1.000 sr=1.000>
    [0] =  <Rate 36.0 p=0.884 sr=0.000>
    [0] =  <Rate 18.0 p=1.000 sr=1.000>
    [0] =  <Rate 36.0 p=0.764 sr=0.001>
    [0] =  <Rate 18.0 p=1.000 sr=1.000>
    [0] =  <Rate 18.0 p=1.000 sr=1.000>
    [0] =  <Rate 18.0 p=1.000 sr=1.000>
    [0] =  <Rate 36.0 p=0.929 sr=0.000>
    [0] =  <Rate 18.0 p=1.000 sr=1.000>
    [0] =  <Rate 36.0 p=0.791 sr=0.000>
    [0] =  <Rate 18.0 p=1.000 sr=1.000>
    [0] =  <Rate 18.0 p=1.000 sr=1.000>
    [0] =  <Rate 18.0 p=1.000 sr=1.000>
    [0] =  <Rate 18.0 p=1.000 sr=1.000>
    [0] =  <Rate 18.0 p=1.000 sr=1.000>
    [0] =  <Rate 18.0 p=1.000 sr=1.000>
    [0] =  <Rate 18.0 p=1.000 sr=1.000>
    [0] =  <Rate 36.0 p=0.925 sr=0.000>
    [0] =  <Rate 18.0 p=1.000 sr=1.000>
    [0] =  <Rate 18.0 p=1.000 sr=1.000>
    [0] =  <Rate 18.0 p=1.000 sr=1.000>
    [0] =  <Rate 18.0 p=1.000 sr=1.000>
    [0] =  <Rate 18.0 p=1.000 sr=1.000>
    [0] =  <Rate 18.0 p=1.000 sr=1.000>
    [0] =  <Rate 36.0 p=0.923 sr=0.000>
    [0] =  <Rate 18.0 p=1.000 sr=1.000>
    [0] =  <Rate 18.0 p=1.000 sr=1.000>
    [0] =  <Rate 36.0 p=0.908 sr=0.000>
    [0] =  <Rate 18.0 p=1.000 sr=1.000>
    [0] =  <Rate 36.0 p=0.879 sr=0.000>
    [0] =  <Rate 18.0 p=1.000 sr=1.000>
    [0] =  <Rate 18.0 p=1.000 sr=1.000>
    [0] =  <Rate 36.0 p=0.894 sr=0.000>
    [0] =  <Rate 18.0 p=1.000 sr=1.000>
    [0] =  <Rate 18.0 p=1.000 sr=1.000>
    [0] =  <Rate 18.0 p=1.000 sr=1.000>
    [0] =  <Rate 36.0 p=0.878 sr=0.000>
    [0] =  <Rate 18.0 p=1.000 sr=1.000>
    [0] =  <Rate 18.0 p=1.000 sr=1.000>
    [0] =  <Rate 18.0 p=1.000 sr=1.000>
    [0] =  <Rate 36.0 p=0.793 sr=0.000>
    [0] =  <Rate 18.0 p=1.000 sr=1.000>
    [0] =  <Rate 18.0 p=1.000 sr=1.000>
    [0] =  <Rate 18.0 p=1.000 sr=1.000>
    [0] =  <Rate 18.0 p=1.000 sr=1.000>
    [0] =  <Rate 36.0 p=0.869 sr=0.000>
    [0] =  <Rate 18.0 p=1.000 sr=1.000>
    [0] =  <Rate 36.0 p=0.841 sr=0.000>
    [0] =  <Rate 18.0 p=1.000 sr=1.000>
    [0] =  <Rate 18.0 p=1.000 sr=1.000>
    [0] =  <Rate 18.0 p=1.000 sr=1.000>
    [0] =  <Rate 18.0 p=1.000 sr=1.000>
    [0] =  <Rate 18.0 p=1.000 sr=1.000>
    [0] =  <Rate 18.0 p=1.000 sr=1.000>
    [0] =  <Rate 18.0 p=1.000 sr=1.000>
    [0] =  <Rate 18.0 p=1.000 sr=1.000>
    [0] =  <Rate 18.0 p=1.000 sr=1.000>
    [0] =  <Rate 18.0 p=1.000 sr=1.000>
    [0] =  <Rate 18.0 p=1.000 sr=1.000>
    [0] =  <Rate 18.0 p=1.000 sr=1.000>
    [0] =  <Rate 18.0 p=1.000 sr=1.000>
    [0] =  <Rate 18.0 p=1.000 sr=1.000>
    [0] =  <Rate 36.0 p=0.820 sr=0.000>
    [0] =  <Rate 18.0 p=1.000 sr=1.000>
    [0] =  <Rate 18.0 p=1.000 sr=1.000>
    [0] =  <Rate 18.0 p=1.000 sr=1.000>
    [0] =  <Rate 36.0 p=0.800 sr=0.000>
    [0] =  <Rate 18.0 p=1.000 sr=1.000>
    [0] =  <Rate 36.0 p=0.826 sr=0.000>
    [0] =  <Rate 18.0 p=1.000 sr=1.000>
    [0] =  <Rate 36.0 p=0.767 sr=0.000>
    [0] =  <Rate 18.0 p=1.000 sr=1.000>
    [0] =  <Rate 18.0 p=1.000 sr=1.000>
    [0] =  <Rate 18.0 p=1.000 sr=1.000>
    [0] =  <Rate 18.0 p=1.000 sr=1.000>
    [0] =  <Rate 36.0 p=0.838 sr=0.000>
    [0] =  <Rate 18.0 p=1.000 sr=1.000>
    [0] =  <Rate 18.0 p=1.000 sr=1.000>
    [0] =  <Rate 18.0 p=1.000 sr=1.000>
    [0] =  <Rate 18.0 p=1.000 sr=1.000>
    [0] =  <Rate 18.0 p=1.000 sr=1.000>
    [0] =  <Rate 18.0 p=1.000 sr=1.000>
    [0] =  <Rate 54.0 p=0.708 sr=0.386>
    [0] =  <Rate 18.0 p=1.000 sr=1.000>
    [0] =  <Rate 18.0 p=1.000 sr=1.000>
    [0] =  <Rate 18.0 p=1.000 sr=1.000>
    [0] =  <Rate 18.0 p=1.000 sr=1.000>
    [0] =  <Rate 18.0 p=1.000 sr=1.000>
    [0] =  <Rate 18.0 p=1.000 sr=1.000>
    [0] =  <Rate 18.0 p=1.000 sr=1.000>
    [0] =  <Rate 18.0 p=1.000 sr=1.000>
    [0] =  <Rate 18.0 p=1.000 sr=1.000>
    [0] =  <Rate 18.0 p=1.000 sr=1.000>
    [0] =  <Rate 18.0 p=1.000 sr=1.000>
    [0] =  <Rate 18.0 p=1.000 sr=1.000>
    [0] =  <Rate 18.0 p=1.000 sr=1.000>
    [0] =  <Rate 18.0 p=1.000 sr=1.000>
    [0] =  <Rate 18.0 p=1.000 sr=1.000>
    [0] =  <Rate 18.0 p=1.000 sr=1.000>
    [0] =  <Rate 18.0 p=1.000 sr=1.000>
    [0] =  <Rate 12.0 p=0.985 sr=0.895>
    [0] =  <Rate 12.0 p=1.000 sr=1.000>
    [0] =  <Rate 12.0 p=1.000 sr=1.000>
    [0] =  <Rate 12.0 p=1.000 sr=1.000>
    [0] =  <Rate 11.0 p=0.938 sr=0.771>
    [0] =  <Rate 9.0 p=1.000 sr=1.000>
    [0] =  <Rate 9.0 p=1.000 sr=1.000>
    [0] =  <Rate 11.0 p=0.937 sr=0.448>
    [0] =  <Rate 11.0 p=1.000 sr=0.448>
    [0] =  <Rate 11.0 p=1.000 sr=0.448>
    [0] =  <Rate 11.0 p=1.000 sr=0.448>
    [0] =  <Rate 11.0 p=1.000 sr=0.936>
    [0] =  <Rate 12.0 p=0.910 sr=0.549>
    [0] =  <Rate 12.0 p=1.000 sr=0.549>
    [0] =  <Rate 18.0 p=0.835 sr=0.239>
    [0] =  <Rate 12.0 p=1.000 sr=0.549>
    [0] =  <Rate 12.0 p=1.000 sr=0.829>
    [0] =  <Rate 12.0 p=1.000 sr=0.953>
    [0] =  <Rate 12.0 p=1.000 sr=1.000>
    [0] =  <Rate 12.0 p=1.000 sr=1.000>
    [0] =  <Rate 12.0 p=1.000 sr=1.000>
    [0] =  <Rate 12.0 p=1.000 sr=1.000>
    [0] =  <Rate 12.0 p=1.000 sr=1.000>
    [0] =  <Rate 12.0 p=1.000 sr=1.000>
    [0] =  <Rate 12.0 p=1.000 sr=1.000>
    [0] =  <Rate 12.0 p=1.000 sr=1.000>
    [0] =  <Rate 12.0 p=1.000 sr=1.000>
    [0] =  <Rate 12.0 p=1.000 sr=1.000>
    [0] =  <Rate 12.0 p=1.000 sr=1.000>
    [0] =  <Rate 12.0 p=1.000 sr=1.000>
    [0] =  <Rate 12.0 p=1.000 sr=1.000>
    [0] =  <Rate 12.0 p=1.000 sr=1.000>
    [0] =  <Rate 12.0 p=1.000 sr=1.000>
    [0] =  <Rate 12.0 p=1.000 sr=1.000>
    [0] =  <Rate 12.0 p=1.000 sr=1.000>
    [0] =  <Rate 12.0 p=1.000 sr=1.000>
    [0] =  <Rate 12.0 p=1.000 sr=1.000>
    [0] =  <Rate 12.0 p=1.000 sr=1.000>
    [0] =  <Rate 12.0 p=1.000 sr=1.000>
    [0] =  <Rate 12.0 p=1.000 sr=1.000>
    [0] =  <Rate 12.0 p=1.000 sr=1.000>
    [0] =  <Rate 12.0 p=1.000 sr=1.000>
    [0] =  <Rate 12.0 p=1.000 sr=1.000>
    [0] =  <Rate 12.0 p=1.000 sr=1.000>
    [0] =  <Rate 12.0 p=1.000 sr=1.000>
    [0] =  <Rate 12.0 p=1.000 sr=1.000>
    [0] =  <Rate 12.0 p=1.000 sr=1.000>
    [0] =  <Rate 12.0 p=1.000 sr=1.000>
    [0] =  <Rate 12.0 p=1.000 sr=1.000>
    [0] =  <Rate 12.0 p=1.000 sr=1.000>
    [0] =  <Rate 12.0 p=1.000 sr=1.000>
    [0] =  <Rate 12.0 p=1.000 sr=1.000>
    [0] =  <Rate 12.0 p=1.000 sr=1.000>
    [0] =  <Rate 18.0 p=0.814 sr=0.001>
    [0] =  <Rate 12.0 p=1.000 sr=1.000>
    [0] =  <Rate 12.0 p=1.000 sr=1.000>
    [0] =  <Rate 18.0 p=0.815 sr=0.000>
    [0] =  <Rate 12.0 p=1.000 sr=1.000>
    [0] =  <Rate 18.0 p=0.862 sr=0.000>
    [0] =  <Rate 12.0 p=1.000 sr=1.000>
    [0] =  <Rate 12.0 p=1.000 sr=1.000>
    [0] =  <Rate 12.0 p=1.000 sr=1.000>
    [0] =  <Rate 12.0 p=1.000 sr=1.000>
    [0] =  <Rate 12.0 p=1.000 sr=1.000>
    [0] =  <Rate 12.0 p=1.000 sr=1.000>
    [0] =  <Rate 12.0 p=1.000 sr=1.000>
    [0] =  <Rate 18.0 p=0.931 sr=0.000>
    [0] =  <Rate 12.0 p=1.000 sr=1.000>
    [0] =  <Rate 12.0 p=1.000 sr=1.000>
    [0] =  <Rate 18.0 p=0.810 sr=0.000>
    [0] =  <Rate 12.0 p=1.000 sr=1.000>
    [0] =  <Rate 12.0 p=1.000 sr=1.000>
    [0] =  <Rate 12.0 p=1.000 sr=1.000>
    [0] =  <Rate 12.0 p=1.000 sr=1.000>
    [0] =  <Rate 18.0 p=0.935 sr=0.000>
    [0] =  <Rate 12.0 p=1.000 sr=1.000>
    [0] =  <Rate 12.0 p=1.000 sr=1.000>
    [0] =  <Rate 12.0 p=1.000 sr=1.000>
    [0] =  <Rate 12.0 p=1.000 sr=1.000>
    [0] =  <Rate 12.0 p=1.000 sr=1.000>
    [0] =  <Rate 12.0 p=1.000 sr=1.000>
    [0] =  <Rate 12.0 p=1.000 sr=1.000>
    [0] =  <Rate 12.0 p=1.000 sr=1.000>
    [0] =  <Rate 18.0 p=0.818 sr=0.014>
    [0] =  <Rate 12.0 p=1.000 sr=1.000>
    [0] =  <Rate 12.0 p=1.000 sr=1.000>
    [0] =  <Rate 12.0 p=1.000 sr=1.000>
    [0] =  <Rate 18.0 p=0.837 sr=0.006>
    [0] =  <Rate 12.0 p=1.000 sr=1.000>
    [0] =  <Rate 18.0 p=0.861 sr=0.083>
    [0] =  <Rate 18.0 p=0.970 sr=0.083>
    [0] =  <Rate 18.0 p=0.982 sr=0.083>
    [0] =  <Rate 12.0 p=1.000 sr=1.000>
    [0] =  <Rate 12.0 p=1.000 sr=1.000>
    [0] =  <Rate 12.0 p=1.000 sr=1.000>
    [0] =  <Rate 12.0 p=1.000 sr=1.000>
    [0] =  <Rate 18.0 p=0.850 sr=0.055>
    [0] =  <Rate 18.0 p=0.979 sr=0.055>
    [0] =  <Rate 12.0 p=1.000 sr=1.000>
    [0] =  <Rate 18.0 p=0.813 sr=0.048>
    [0] =  <Rate 12.0 p=1.000 sr=1.000>
    [0] =  <Rate 12.0 p=1.000 sr=1.000>
    [0] =  <Rate 12.0 p=1.000 sr=1.000>
    [0] =  <Rate 18.0 p=0.810 sr=0.015>
    [0] =  <Rate 12.0 p=1.000 sr=1.000>
    [0] =  <Rate 18.0 p=0.813 sr=0.009>
    [0] =  <Rate 12.0 p=1.000 sr=1.000>
    [0] =  <Rate 18.0 p=0.831 sr=0.045>
    [0] =  <Rate 18.0 p=0.955 sr=0.045>
    [0] =  <Rate 12.0 p=1.000 sr=1.000>
    [0] =  <Rate 18.0 p=0.890 sr=0.029>
    [0] =  <Rate 12.0 p=1.000 sr=1.000>
    [0] =  <Rate 18.0 p=0.865 sr=0.057>
    [0] =  <Rate 12.0 p=1.000 sr=1.000>
    [0] =  <Rate 12.0 p=1.000 sr=1.000>
    [0] =  <Rate 18.0 p=0.878 sr=0.043>
    [0] =  <Rate 12.0 p=1.000 sr=1.000>
Simulation ran with 2655048 LUOPS
[summary] 32.48 s to send 28682 packets (and 809 failures)
Average packet took 1.132 ms / achieved 10.596 Mbps
  1.0 Mbps :     39 tries (72% success;    0.5s total)
  2.0 Mbps :     41 tries (78% success;    0.3s total)
  5.5 Mbps :     38 tries (87% success;    0.1s total)
 11.0 Mbps :    898 tries (99% success;    1.4s total)
  6.0 Mbps :     42 tries (98% success;    0.1s total)
  9.0 Mbps :    287 tries (100% success;    0.5s total)
 12.0 Mbps :   3401 tries (100% success;    4.6s total)
 18.0 Mbps :  23520 tries (99% success;   24.2s total)
 24.0 Mbps :     51 tries ( 6% success;    0.0s total)
 36.0 Mbps :    688 tries (40% success;    0.5s total)
 48.0 Mbps :     72 tries ( 0% success;    0.0s total)
 54.0 Mbps :    414 tries (77% success;    0.2s total)
