Running with random seed 482554433020406894
Running at rate 1 Mbps...
    [0] =  <Rate 48.0 p=1.000 sr=0.300>
    [0] =  <Rate 54.0 p=0.946 sr=0.219>
    [0] =  <Rate 36.0 p=1.000 sr=0.300>
    [0] =  <Rate 48.0 p=0.890 sr=0.213>
    [0] =  <Rate 54.0 p=0.836 sr=0.155>
    [0] =  <Rate 24.0 p=1.000 sr=0.300>
    [0] =  <Rate 36.0 p=0.792 sr=0.206>
    [0] =  <Rate 48.0 p=0.738 sr=0.146>
    [0] =  <Rate 18.0 p=1.000 sr=0.300>
    [0] =  <Rate 18.0 p=1.000 sr=0.300>
    [0] =  <Rate 18.0 p=1.000 sr=0.300>
    [0] =  <Rate 18.0 p=1.000 sr=0.300>
    [0] =  <Rate 18.0 p=1.000 sr=0.300>
    [0] =  <Rate 18.0 p=1.000 sr=0.300>
    [0] =  <Rate 18.0 p=1.000 sr=0.317>
    [0] =  <Rate 18.0 p=1.000 sr=0.328>
    [0] =  <Rate 36.0 p=0.808 sr=0.100>
    [0] =  <Rate 36.0 p=0.999 sr=0.100>
    [0] =  <Rate 36.0 p=1.000 sr=0.100>
    [0] =  <Rate 36.0 p=1.000 sr=0.100>
    [0] =  <Rate 36.0 p=1.000 sr=0.100>
    [0] =  <Rate 36.0 p=1.000 sr=0.103>
    [0] =  <Rate 36.0 p=0.937 sr=0.140>
    [0] =  <Rate 18.0 p=1.000 sr=0.342>
    [0] =  <Rate 18.0 p=1.000 sr=0.366>
    [0] =  <Rate 18.0 p=1.000 sr=0.499>
    [0] =  <Rate 18.0 p=1.000 sr=0.499>
    [0] =  <Rate 18.0 p=1.000 sr=0.606>
    [0] =  <Rate 18.0 p=1.000 sr=0.717>
    [0] =  <Rate 18.0 p=1.000 sr=0.759>
    [0] =  <Rate 18.0 p=1.000 sr=0.790>
    [0] =  <Rate 18.0 p=1.000 sr=0.822>
    [0] =  <Rate 18.0 p=1.000 sr=0.857>
    [0] =  <Rate 18.0 p=1.000 sr=0.892>
    [0] =  <Rate 18.0 p=1.000 sr=0.923>
    [0] =  <Rate 18.0 p=1.000 sr=0.944>
    [0] =  <Rate 18.0 p=1.000 sr=0.963>
    [0] =  <Rate 18.0 p=1.000 sr=0.999>
    [0] =  <Rate 18.0 p=1.000 sr=1.000>
    [0] =  <Rate 18.0 p=1.000 sr=1.000>
    [0] =  <Rate 18.0 p=1.000 sr=1.000>
    [0] =  <Rate 18.0 p=1.000 sr=1.000>
    [0] =  <Rate 18.0 p=1.000 sr=1.000>
    [0] =  <Rate 18.0 p=1.000 sr=1.000>
    [0] =  <Rate 18.0 p=1.000 sr=1.000>
    [0] =  <Rate 18.0 p=1.000 sr=1.000>
    [0] =  <Rate 18.0 p=1.000 sr=1.000>
    [0] =  <Rate 18.0 p=1.000 sr=1.000>
    [0] =  <Rate 18.0 p=1.000 sr=1.000>
    [0] =  <Rate 18.0 p=1.000 sr=1.000>
    [0] =  <Rate 18.0 p=1.000 sr=1.000>
    [0] =  <Rate 18.0 p=1.000 sr=1.000>
    [0] =  <Rate 18.0 p=1.000 sr=1.000>
    [0] =  <Rate 18.0 p=1.000 sr=1.000>
    [0] =  <Rate 18.0 p=1.000 sr=1.000>
    [0] =  <Rate 18.0 p=1.000 sr=1.000>
    [0] =  <Rate 18.0 p=1.000 sr=1.000>
    [0] =  <Rate 18.0 p=1.000 sr=1.000>
    [0] =  <Rate 18.0 p=1.000 sr=1.000>
    [0] =  <Rate 18.0 p=1.000 sr=1.000>
    [0] =  <Rate 18.0 p=1.000 sr=1.000>
    [0] =  <Rate 18.0 p=1.000 sr=1.000>
    [0] =  <Rate 18.0 p=1.000 sr=1.000>
    [0] =  <Rate 18.0 p=1.000 sr=1.000>
    [0] =  <Rate 18.0 p=1.000 sr=1.000>
    [0] =  <Rate 18.0 p=1.000 sr=1.000>
    [0] =  <Rate 18.0 p=1.000 sr=1.000>
    [0] =  <Rate 18.0 p=1.000 sr=1.000>
    [0] =  <Rate 18.0 p=1.000 sr=1.000>
    [0] =  <Rate 18.0 p=1.000 sr=1.000>
    [0] =  <Rate 18.0 p=1.000 sr=1.000>
    [0] =  <Rate 18.0 p=1.000 sr=1.000>
    [0] =  <Rate 18.0 p=1.000 sr=1.000>
    [0] =  <Rate 18.0 p=1.000 sr=1.000>
    [0] =  <Rate 18.0 p=1.000 sr=1.000>
    [0] =  <Rate 36.0 p=0.928 sr=0.000>
    [0] =  <Rate 18.0 p=1.000 sr=1.000>
    [0] =  <Rate 18.0 p=1.000 sr=1.000>
    [0] =  <Rate 36.0 p=0.922 sr=0.000>
    [0] =  <Rate 18.0 p=1.000 sr=1.000>
    [0] =  <Rate 18.0 p=1.000 sr=1.000>
    [0] =  <Rate 18.0 p=1.000 sr=1.000>
    [0] =  <Rate 18.0 p=1.000 sr=1.000>
    [0] =  <Rate 18.0 p=1.000 sr=1.000>
    [0] =  <Rate 18.0 p=1.000 sr=1.000>
    [0] =  <Rate 18.0 p=1.000 sr=1.000>
    [0] =  <Rate 18.0 p=1.000 sr=1.000>
    [0] =  <Rate 18.0 p=1.000 sr=1.000>
    [0] =  <Rate 18.0 p=1.000 sr=1.000>
    [0] =  <Rate 18.0 p=1.000 sr=1.000>
    [0] =  <Rate 18.0 p=1.000 sr=1.000>
    [0] =  <Rate 18.0 p=1.000 sr=1.000>
    [0] =  <Rate 18.0 p=1.000 sr=1.000>
    [0] =  <Rate 18.0 p=1.000 sr=1.000>
    [0] =  <Rate 18.0 p=1.000 sr=1.000>
    [0] =  <Rate 18.0 p=1.000 sr=1.000>
    [0] =  <Rate 18.0 p=1.000 sr=1.000>
    [0] =  <Rate 18.0 p=1.000 sr=1.000>
    [0] =  <Rate 18.0 p=1.000 sr=1.000>
    [0] =  <Rate 18.0 p=1.000 sr=1.000>
    [0] =  <Rate 18.0 p=1.000 sr=1.000>
    [0] =  <Rate 18.0 p=1.000 sr=1.000>
    [0] =  <Rate 18.0 p=1.000 sr=1.000>
    [0] =  <Rate 18.0 p=1.000 sr=1.000>
    [0] =  <Rate 18.0 p=1.000 sr=1.000>
    [0] =  <Rate 18.0 p=1.000 sr=1.000>
    [0] =  <Rate 36.0 p=0.833 sr=0.001>
    [0] =  <Rate 18.0 p=1.000 sr=1.000>
    [0] =  <Rate 18.0 p=1.000 sr=1.000>
    [0] =  <Rate 18.0 p=1.000 sr=1.000>
    [0] =  <Rate 18.0 p=1.000 sr=1.000>
    [0] =  <Rate 18.0 p=1.000 sr=1.000>
    [0] =  <Rate 18.0 p=1.000 sr=1.000>
    [0] =  <Rate 36.0 p=0.808 sr=0.002>
    [0] =  <Rate 36.0 p=1.000 sr=0.040>
    [0] =  <Rate 36.0 p=1.000 sr=0.060>
    [0] =  <Rate 36.0 p=1.000 sr=0.200>
    [0] =  <Rate 18.0 p=1.000 sr=1.000>
    [0] =  <Rate 36.0 p=0.802 sr=0.241>
    [0] =  <Rate 18.0 p=1.000 sr=1.000>
    [0] =  <Rate 18.0 p=1.000 sr=1.000>
    [0] =  <Rate 18.0 p=1.000 sr=1.000>
    [0] =  <Rate 18.0 p=1.000 sr=1.000>
    [0] =  <Rate 18.0 p=1.000 sr=1.000>
    [0] =  <Rate 36.0 p=0.786 sr=0.065>
    [0] =  <Rate 36.0 p=1.000 sr=0.098>
    [0] =  <Rate 18.0 p=1.000 sr=1.000>
    [0] =  <Rate 18.0 p=1.000 sr=1.000>
    [0] =  <Rate 18.0 p=1.000 sr=1.000>
    [0] =  <Rate 18.0 p=1.000 sr=1.000>
    [0] =  <Rate 18.0 p=1.000 sr=1.000>
    [0] =  <Rate 18.0 p=1.000 sr=1.000>
    [0] =  <Rate 18.0 p=1.000 sr=1.000>
    [0] =  <Rate 18.0 p=1.000 sr=1.000>
    [0] =  <Rate 18.0 p=1.000 sr=1.000>
    [0] =  <Rate 18.0 p=1.000 sr=1.000>
    [0] =  <Rate 18.0 p=1.000 sr=1.000>
    [0] =  <Rate 18.0 p=1.000 sr=1.000>
    [0] =  <Rate 18.0 p=1.000 sr=1.000>
    [0] =  <Rate 18.0 p=1.000 sr=1.000>
    [0] =  <Rate 18.0 p=1.000 sr=1.000>
    [0] =  <Rate 18.0 p=1.000 sr=1.000>
    [0] =  <Rate 18.0 p=1.000 sr=1.000>
    [0] =  <Rate 18.0 p=1.000 sr=1.000>
    [0] =  <Rate 18.0 p=1.000 sr=1.000>
    [0] =  <Rate 36.0 p=0.770 sr=0.051>
    [0] =  <Rate 18.0 p=1.000 sr=1.000>
    [0] =  <Rate 36.0 p=0.837 sr=0.029>
    [0] =  <Rate 18.0 p=1.000 sr=1.000>
    [0] =  <Rate 18.0 p=1.000 sr=1.000>
    [0] =  <Rate 18.0 p=1.000 sr=1.000>
    [0] =  <Rate 36.0 p=0.772 sr=0.009>
    [0] =  <Rate 36.0 p=0.988 sr=0.009>
    [0] =  <Rate 36.0 p=1.000 sr=0.046>
    [0] =  <Rate 36.0 p=1.000 sr=0.119>
    [0] =  <Rate 36.0 p=1.000 sr=0.149>
    [0] =  <Rate 36.0 p=1.000 sr=0.161>
    [0] =  <Rate 36.0 p=1.000 sr=0.299>
    [0] =  <Rate 18.0 p=1.000 sr=1.000>
    [0] =  <Rate 18.0 p=1.000 sr=1.000>
    [0] =  <Rate 18.0 p=1.000 sr=1.000>
    [0] =  <Rate 18.0 p=1.000 sr=1.000>
    [0] =  <Rate 18.0 p=1.000 sr=1.000>
    [0] =  <Rate 18.0 p=1.000 sr=1.000>
    [0] =  <Rate 18.0 p=1.000 sr=1.000>
    [0] =  <Rate 18.0 p=1.000 sr=1.000>
    [0] =  <Rate 18.0 p=1.000 sr=1.000>
    [0] =  <Rate 18.0 p=1.000 sr=1.000>
    [0] =  <Rate 18.0 p=1.000 sr=1.000>
    [0] =  <Rate 18.0 p=1.000 sr=1.000>
    [0] =  <Rate 18.0 p=1.000 sr=1.000>
    [0] =  <Rate 18.0 p=1.000 sr=1.000>
    [0] =  <Rate 18.0 p=1.000 sr=1.000>
    [0] =  <Rate 18.0 p=1.000 sr=1.000>
    [0] =  <Rate 18.0 p=1.000 sr=1.000>
    [0] =  <Rate 18.0 p=1.000 sr=1.000>
    [0] =  <Rate 18.0 p=1.000 sr=1.000>
    [0] =  <Rate 18.0 p=1.000 sr=1.000>
    [0] =  <Rate 18.0 p=1.000 sr=1.000>
    [0] =  <Rate 18.0 p=1.000 sr=1.000>
    [0] =  <Rate 18.0 p=1.000 sr=1.000>
    [0] =  <Rate 18.0 p=1.000 sr=1.000>
    [0] =  <Rate 18.0 p=1.000 sr=1.000>
    [0] =  <Rate 18.0 p=1.000 sr=1.000>
    [0] =  <Rate 18.0 p=1.000 sr=1.000>
    [0] =  <Rate 18.0 p=1.000 sr=1.000>
    [0] =  <Rate 18.0 p=1.000 sr=1.000>
    [0] =  <Rate 18.0 p=1.000 sr=1.000>
    [0] =  <Rate 18.0 p=1.000 sr=1.000>
    [0] =  <Rate 18.0 p=1.000 sr=1.000>
    [0] =  <Rate 18.0 p=1.000 sr=1.000>
    [0] =  <Rate 18.0 p=1.000 sr=1.000>
    [0] =  <Rate 18.0 p=1.000 sr=1.000>
    [0] =  <Rate 18.0 p=1.000 sr=1.000>
    [0] =  <Rate 18.0 p=1.000 sr=1.000>
    [0] =  <Rate 36.0 p=0.782 sr=0.071>
    [0] =  <Rate 36.0 p=1.000 sr=0.071>
    [0] =  <Rate 36.0 p=1.000 sr=0.125>
    [0] =  <Rate 36.0 p=1.000 sr=0.200>
    [0] =  <Rate 36.0 p=1.000 sr=0.258>
    [0] =  <Rate 36.0 p=1.000 sr=0.297>
    [0] =  <Rate 36.0 p=1.000 sr=0.529>
    [0] =  <Rate 18.0 p=1.000 sr=1.000>
    [0] =  <Rate 18.0 p=1.000 sr=1.000>
    [0] =  <Rate 18.0 p=1.000 sr=1.000>
    [0] =  <Rate 18.0 p=1.000 sr=1.000>
    [0] =  <Rate 18.0 p=1.000 sr=1.000>
    [0] =  <Rate 18.0 p=1.000 sr=1.000>
    [0] =  <Rate 18.0 p=1.000 sr=1.000>
    [0] =  <Rate 18.0 p=1.000 sr=1.000>
    [0] =  <Rate 18.0 p=1.000 sr=1.000>
    [0] =  <Rate 18.0 p=1.000 sr=1.000>
    [0] =  <Rate 11.0 p=0.999 sr=0.299>
    [0] =  <Rate 11.0 p=1.000 sr=1.000>
    [0] =  <Rate 11.0 p=1.000 sr=1.000>
    [0] =  <Rate 11.0 p=1.000 sr=1.000>
    [0] =  <Rate 18.0 p=0.830 sr=0.764>
    [0] =  <Rate 18.0 p=1.000 sr=0.764>
    [0] =  <Rate 11.0 p=1.000 sr=1.000>
    [0] =  <Rate 11.0 p=1.000 sr=1.000>
    [0] =  <Rate 11.0 p=1.000 sr=1.000>
    [0] =  <Rate 11.0 p=1.000 sr=1.000>
    [0] =  <Rate 9.0 p=0.847 sr=0.829>
    [0] =  <Rate 9.0 p=1.000 sr=1.000>
    [0] =  <Rate 9.0 p=1.000 sr=1.000>
    [0] =  <Rate 9.0 p=1.000 sr=1.000>
    [0] =  <Rate 9.0 p=1.000 sr=1.000>
    [0] =  <Rate 12.0 p=0.855 sr=0.100>
    [0] =  <Rate 9.0 p=1.000 sr=1.000>
    [0] =  <Rate 12.0 p=0.879 sr=0.056>
    [0] =  <Rate 12.0 p=0.879 sr=0.056>
    [0] =  <Rate 9.0 p=1.000 sr=1.000>
    [0] =  <Rate 12.0 p=0.859 sr=0.033>
    [0] =  <Rate 9.0 p=1.000 sr=1.000>
    [0] =  <Rate 12.0 p=0.854 sr=0.041>
    [0] =  <Rate 9.0 p=1.000 sr=1.000>
    [0] =  <Rate 9.0 p=1.000 sr=1.000>
    [0] =  <Rate 12.0 p=0.880 sr=0.024>
    [0] =  <Rate 9.0 p=1.000 sr=1.000>
    [0] =  <Rate 12.0 p=0.874 sr=0.017>
    [0] =  <Rate 9.0 p=1.000 sr=1.000>
    [0] =  <Rate 12.0 p=0.875 sr=0.010>
    [0] =  <Rate 9.0 p=1.000 sr=1.000>
    [0] =  <Rate 12.0 p=0.870 sr=0.008>
    [0] =  <Rate 9.0 p=1.000 sr=1.000>
    [0] =  <Rate 9.0 p=1.000 sr=1.000>
    [0] =  <Rate 12.0 p=0.844 sr=0.004>
    [0] =  <Rate 9.0 p=1.000 sr=1.000>
    [0] =  <Rate 12.0 p=0.856 sr=0.007>
    [0] =  <Rate 9.0 p=1.000 sr=1.000>
    [0] =  <Rate 12.0 p=0.852 sr=0.005>
    [0] =  <Rate 9.0 p=1.000 sr=1.000>
    [0] =  <Rate 9.0 p=1.000 sr=1.000>
    [0] =  <Rate 9.0 p=1.000 sr=1.000>
    [0] =  <Rate 9.0 p=1.000 sr=1.000>
    [0] =  <Rate 9.0 p=1.000 sr=1.000>
    [0] =  <Rate 9.0 p=1.000 sr=1.000>
    [0] =  <Rate 12.0 p=0.909 sr=0.001>
    [0] =  <Rate 9.0 p=1.000 sr=1.000>
    [0] =  <Rate 18.0 p=0.805 sr=0.209>
    [0] =  <Rate 18.0 p=0.999 sr=0.209>
    [0] =  <Rate 18.0 p=1.000 sr=0.209>
    [0] =  <Rate 18.0 p=1.000 sr=0.361>
    [0] =  <Rate 18.0 p=1.000 sr=0.752>
    [0] =  <Rate 18.0 p=1.000 sr=1.000>
    [0] =  <Rate 18.0 p=1.000 sr=1.000>
    [0] =  <Rate 18.0 p=1.000 sr=1.000>
    [0] =  <Rate 18.0 p=1.000 sr=1.000>
    [0] =  <Rate 18.0 p=1.000 sr=1.000>
    [0] =  <Rate 18.0 p=1.000 sr=1.000>
    [0] =  <Rate 18.0 p=1.000 sr=1.000>
    [0] =  <Rate 18.0 p=1.000 sr=1.000>
    [0] =  <Rate 18.0 p=1.000 sr=1.000>
    [0] =  <Rate 18.0 p=1.000 sr=1.000>
    [0] =  <Rate 18.0 p=1.000 sr=1.000>
    [0] =  <Rate 18.0 p=1.000 sr=1.000>
    [0] =  <Rate 18.0 p=1.000 sr=1.000>
    [0] =  <Rate 18.0 p=1.000 sr=1.000>
    [0] =  <Rate 18.0 p=1.000 sr=1.000>
    [0] =  <Rate 18.0 p=1.000 sr=1.000>
    [0] =  <Rate 18.0 p=1.000 sr=1.000>
    [0] =  <Rate 18.0 p=1.000 sr=1.000>
    [0] =  <Rate 18.0 p=1.000 sr=1.000>
    [0] =  <Rate 18.0 p=1.000 sr=1.000>
    [0] =  <Rate 18.0 p=1.000 sr=1.000>
    [0] =  <Rate 18.0 p=1.000 sr=1.000>
    [0] =  <Rate 18.0 p=1.000 sr=1.000>
    [0] =  <Rate 18.0 p=1.000 sr=1.000>
    [0] =  <Rate 18.0 p=1.000 sr=1.000>
    [0] =  <Rate 18.0 p=1.000 sr=1.000>
    [0] =  <Rate 18.0 p=1.000 sr=1.000>
    [0] =  <Rate 18.0 p=1.000 sr=1.000>
    [0] =  <Rate 18.0 p=1.000 sr=1.000>
    [0] =  <Rate 18.0 p=1.000 sr=1.000>
    [0] =  <Rate 18.0 p=1.000 sr=1.000>
    [0] =  <Rate 18.0 p=1.000 sr=1.000>
    [0] =  <Rate 18.0 p=1.000 sr=1.000>
    [0] =  <Rate 18.0 p=1.000 sr=1.000>
    [0] =  <Rate 18.0 p=1.000 sr=1.000>
    [0] =  <Rate 18.0 p=1.000 sr=1.000>
    [0] =  <Rate 18.0 p=1.000 sr=1.000>
    [0] =  <Rate 18.0 p=1.000 sr=1.000>
    [0] =  <Rate 18.0 p=1.000 sr=1.000>
    [0] =  <Rate 18.0 p=1.000 sr=1.000>
    [0] =  <Rate 18.0 p=1.000 sr=1.000>
    [0] =  <Rate 18.0 p=1.000 sr=1.000>
    [0] =  <Rate 18.0 p=1.000 sr=1.000>
    [0] =  <Rate 18.0 p=1.000 sr=1.000>
    [0] =  <Rate 18.0 p=1.000 sr=1.000>
    [0] =  <Rate 12.0 p=0.978 sr=0.824>
    [0] =  <Rate 12.0 p=1.000 sr=1.000>
    [0] =  <Rate 12.0 p=1.000 sr=1.000>
    [0] =  <Rate 12.0 p=1.000 sr=1.000>
    [0] =  <Rate 18.0 p=0.821 sr=0.462>
    [0] =  <Rate 18.0 p=1.000 sr=1.000>
    [0] =  <Rate 18.0 p=1.000 sr=1.000>
    [0] =  <Rate 12.0 p=1.000 sr=1.000>
    [0] =  <Rate 12.0 p=1.000 sr=1.000>
    [0] =  <Rate 12.0 p=1.000 sr=1.000>
    [0] =  <Rate 12.0 p=1.000 sr=1.000>
    [0] =  <Rate 12.0 p=1.000 sr=1.000>
    [0] =  <Rate 18.0 p=0.681 sr=0.439>
    [0] =  <Rate 12.0 p=0.712 sr=1.000>
    [0] =  <Rate 12.0 p=1.000 sr=1.000>
    [0] =  <Rate 11.0 p=0.747 sr=1.000>
    [0] =  <Rate 11.0 p=1.000 sr=1.000>
    [0] =  <Rate 11.0 p=1.000 sr=1.000>
    [0] =  <Rate 11.0 p=1.000 sr=1.000>
    [0] =  <Rate 11.0 p=1.000 sr=1.000>
    [0] =  <Rate 11.0 p=1.000 sr=1.000>
    [0] =  <Rate 11.0 p=1.000 sr=1.000>
    [0] =  <Rate 11.0 p=1.000 sr=1.000>
    [0] =  <Rate 18.0 p=0.835 sr=0.087>
    [0] =  <Rate 18.0 p=1.000 sr=0.245>
    [0] =  <Rate 18.0 p=1.000 sr=0.506>
    [0] =  <Rate 11.0 p=1.000 sr=1.000>
    [0] =  <Rate 12.0 p=0.868 sr=0.356>
    [0] =  <Rate 12.0 p=1.000 sr=0.686>
    [0] =  <Rate 12.0 p=1.000 sr=1.000>
    [0] =  <Rate 12.0 p=1.000 sr=1.000>
    [0] =  <Rate 12.0 p=1.000 sr=1.000>
    [0] =  <Rate 12.0 p=1.000 sr=1.000>
    [0] =  <Rate 12.0 p=1.000 sr=1.000>
    [0] =  <Rate 12.0 p=1.000 sr=1.000>
    [0] =  <Rate 12.0 p=1.000 sr=1.000>
    [0] =  <Rate 12.0 p=1.000 sr=1.000>
    [0] =  <Rate 12.0 p=1.000 sr=1.000>
    [0] =  <Rate 12.0 p=1.000 sr=1.000>
    [0] =  <Rate 12.0 p=1.000 sr=1.000>
    [0] =  <Rate 12.0 p=1.000 sr=1.000>
    [0] =  <Rate 12.0 p=1.000 sr=1.000>
    [0] =  <Rate 12.0 p=1.000 sr=1.000>
    [0] =  <Rate 18.0 p=0.856 sr=0.195>
    [0] =  <Rate 18.0 p=1.000 sr=0.375>
    [0] =  <Rate 18.0 p=1.000 sr=0.454>
    [0] =  <Rate 12.0 p=1.000 sr=1.000>
    [0] =  <Rate 18.0 p=0.779 sr=0.760>
    [0] =  <Rate 12.0 p=0.886 sr=0.874>
    [0] =  <Rate 11.0 p=0.962 sr=0.632>
    [0] =  <Rate 9.0 p=0.964 sr=0.438>
    [0] =  <Rate 18.0 p=0.809 sr=0.409>
    [0] =  <Rate 18.0 p=1.000 sr=0.422>
    [0] =  <Rate 18.0 p=1.000 sr=0.582>
    [0] =  <Rate 18.0 p=1.000 sr=0.685>
    [0] =  <Rate 18.0 p=1.000 sr=0.894>
    [0] =  <Rate 11.0 p=0.929 sr=0.648>
    [0] =  <Rate 11.0 p=1.000 sr=0.648>
    [0] =  <Rate 11.0 p=1.000 sr=0.648>
    [0] =  <Rate 11.0 p=1.000 sr=0.727>
    [0] =  <Rate 11.0 p=1.000 sr=0.855>
    [0] =  <Rate 12.0 p=0.910 sr=0.311>
    [0] =  <Rate 12.0 p=1.000 sr=0.312>
    [0] =  <Rate 12.0 p=1.000 sr=1.000>
    [0] =  <Rate 18.0 p=0.798 sr=0.383>
    [0] =  <Rate 18.0 p=1.000 sr=0.572>
    [0] =  <Rate 18.0 p=1.000 sr=1.000>
    [0] =  <Rate 11.0 p=1.000 sr=1.000>
    [0] =  <Rate 11.0 p=1.000 sr=1.000>
    [0] =  <Rate 11.0 p=1.000 sr=1.000>
    [0] =  <Rate 11.0 p=1.000 sr=1.000>
    [0] =  <Rate 11.0 p=1.000 sr=1.000>
    [0] =  <Rate 11.0 p=1.000 sr=1.000>
    [0] =  <Rate 11.0 p=1.000 sr=1.000>
    [0] =  <Rate 11.0 p=1.000 sr=1.000>
    [0] =  <Rate 11.0 p=1.000 sr=1.000>
    [0] =  <Rate 12.0 p=0.895 sr=0.160>
    [0] =  <Rate 12.0 p=1.000 sr=0.160>
    [0] =  <Rate 18.0 p=0.807 sr=0.394>
    [0] =  <Rate 18.0 p=1.000 sr=0.532>
    [0] =  <Rate 18.0 p=1.000 sr=0.550>
    [0] =  <Rate 18.0 p=1.000 sr=0.642>
    [0] =  <Rate 18.0 p=1.000 sr=0.922>
    [0] =  <Rate 18.0 p=1.000 sr=1.000>
    [0] =  <Rate 18.0 p=1.000 sr=1.000>
    [0] =  <Rate 18.0 p=1.000 sr=1.000>
    [0] =  <Rate 18.0 p=1.000 sr=1.000>
    [0] =  <Rate 18.0 p=1.000 sr=1.000>
    [0] =  <Rate 12.0 p=0.996 sr=0.314>
    [0] =  <Rate 12.0 p=1.000 sr=1.000>
    [0] =  <Rate 12.0 p=1.000 sr=1.000>
    [0] =  <Rate 12.0 p=1.000 sr=1.000>
    [0] =  <Rate 12.0 p=1.000 sr=1.000>
    [0] =  <Rate 11.0 p=1.000 sr=1.000>
    [0] =  <Rate 11.0 p=1.000 sr=1.000>
    [0] =  <Rate 11.0 p=1.000 sr=1.000>
    [0] =  <Rate 18.0 p=0.772 sr=0.307>
    [0] =  <Rate 18.0 p=1.000 sr=0.307>
    [0] =  <Rate 18.0 p=1.000 sr=0.842>
    [0] =  <Rate 18.0 p=1.000 sr=1.000>
    [0] =  <Rate 11.0 p=1.000 sr=1.000>
    [0] =  <Rate 11.0 p=1.000 sr=1.000>
    [0] =  <Rate 11.0 p=1.000 sr=1.000>
    [0] =  <Rate 11.0 p=1.000 sr=1.000>
    [0] =  <Rate 11.0 p=1.000 sr=1.000>
    [0] =  <Rate 12.0 p=0.917 sr=0.440>
    [0] =  <Rate 12.0 p=1.000 sr=0.440>
    [0] =  <Rate 12.0 p=1.000 sr=0.440>
    [0] =  <Rate 12.0 p=1.000 sr=0.705>
    [0] =  <Rate 12.0 p=1.000 sr=0.777>
    [0] =  <Rate 12.0 p=1.000 sr=0.856>
    [0] =  <Rate 12.0 p=1.000 sr=1.000>
    [0] =  <Rate 18.0 p=0.870 sr=0.286>
    [0] =  <Rate 18.0 p=1.000 sr=0.286>
    [0] =  <Rate 18.0 p=1.000 sr=0.286>
    [0] =  <Rate 18.0 p=1.000 sr=0.441>
    [0] =  <Rate 18.0 p=1.000 sr=1.000>
    [0] =  <Rate 18.0 p=1.000 sr=1.000>
    [0] =  <Rate 18.0 p=1.000 sr=1.000>
    [0] =  <Rate 12.0 p=1.000 sr=1.000>
    [0] =  <Rate 12.0 p=1.000 sr=1.000>
    [0] =  <Rate 12.0 p=1.000 sr=1.000>
    [0] =  <Rate 12.0 p=1.000 sr=1.000>
    [0] =  <Rate 12.0 p=1.000 sr=1.000>
    [0] =  <Rate 12.0 p=1.000 sr=1.000>
    [0] =  <Rate 12.0 p=1.000 sr=1.000>
    [0] =  <Rate 12.0 p=1.000 sr=1.000>
    [0] =  <Rate 12.0 p=1.000 sr=1.000>
    [0] =  <Rate 12.0 p=1.000 sr=1.000>
    [0] =  <Rate 18.0 p=0.859 sr=0.240>
    [0] =  <Rate 12.0 p=1.000 sr=1.000>
    [0] =  <Rate 12.0 p=1.000 sr=1.000>
    [0] =  <Rate 12.0 p=1.000 sr=1.000>
    [0] =  <Rate 12.0 p=1.000 sr=1.000>
    [0] =  <Rate 12.0 p=1.000 sr=1.000>
    [0] =  <Rate 12.0 p=1.000 sr=1.000>
    [0] =  <Rate 12.0 p=1.000 sr=1.000>
    [0] =  <Rate 12.0 p=1.000 sr=1.000>
    [0] =  <Rate 18.0 p=0.812 sr=0.035>
    [0] =  <Rate 18.0 p=1.000 sr=0.071>
Simulation ran with 17159049 LUOPS
[summary] 71.05 s to send 60778 packets (and 782 failures)
Average packet took 1.169 ms / achieved 10.264 Mbps
  1.0 Mbps :     91 tries (66% success;    1.2s total)
  2.0 Mbps :    106 tries (63% success;    0.7s total)
  5.5 Mbps :    103 tries (77% success;    0.3s total)
 11.0 Mbps :   4714 tries (99% success;    7.3s total)
  6.0 Mbps :     79 tries (89% success;    0.2s total)
  9.0 Mbps :    806 tries (99% success;    1.4s total)
 12.0 Mbps :  11390 tries (100% success;   15.5s total)
 18.0 Mbps :  41403 tries (100% success;   42.6s total)
 24.0 Mbps :     95 tries ( 1% success;    0.1s total)
 36.0 Mbps :   2566 tries (91% success;    1.8s total)
 48.0 Mbps :     99 tries ( 0% success;    0.1s total)
 54.0 Mbps :    108 tries ( 2% success;    0.1s total)
