Running with random seed 8112667068114534720
Running at rate 1 Mbps...
Simulation ran with 9293694 LUOPS
[summary] 56.35 s to send 43694 packets (and 996 failures)
Average packet took 1.290 ms / achieved 9.305 Mbps
  1.0 Mbps :     68 tries (84% success;    0.9s total)
  2.0 Mbps :     70 tries (91% success;    0.5s total)
  5.5 Mbps :    116 tries (89% success;    0.3s total)
 11.0 Mbps :   7413 tries (100% success;   11.5s total)
  6.0 Mbps :    508 tries (99% success;    1.2s total)
  9.0 Mbps :   1684 tries (98% success;    2.9s total)
 12.0 Mbps :  10378 tries (98% success;   14.1s total)
 18.0 Mbps :  24120 tries (98% success;   24.8s total)
 24.0 Mbps :     82 tries ( 0% success;    0.1s total)
 36.0 Mbps :     82 tries ( 0% success;    0.1s total)
 48.0 Mbps :     87 tries ( 0% success;    0.1s total)
 54.0 Mbps :     82 tries ( 0% success;    0.1s total)
Running with random seed 7261411651786384338
Running at rate 1 Mbps...
Simulation ran with 9338929 LUOPS
[summary] 56.35 s to send 43522 packets (and 1079 failures)
Average packet took 1.295 ms / achieved 9.268 Mbps
  1.0 Mbps :     76 tries (84% success;    1.0s total)
  2.0 Mbps :     68 tries (82% success;    0.4s total)
  5.5 Mbps :    155 tries (93% success;    0.4s total)
 11.0 Mbps :   8027 tries (99% success;   12.5s total)
  6.0 Mbps :    605 tries (99% success;    1.4s total)
  9.0 Mbps :   1405 tries (98% success;    2.4s total)
 12.0 Mbps :   9419 tries (98% success;   12.8s total)
 18.0 Mbps :  24507 tries (98% success;   25.2s total)
 24.0 Mbps :     71 tries ( 0% success;    0.1s total)
 36.0 Mbps :     92 tries ( 0% success;    0.1s total)
 48.0 Mbps :     92 tries ( 0% success;    0.1s total)
 54.0 Mbps :     84 tries ( 0% success;    0.1s total)
Running with random seed 5429160095484717341
Running at rate 1 Mbps...
Simulation ran with 9366815 LUOPS
[summary] 56.35 s to send 43837 packets (and 992 failures)
Average packet took 1.285 ms / achieved 9.335 Mbps
  1.0 Mbps :     67 tries (87% success;    0.8s total)
  2.0 Mbps :     67 tries (88% success;    0.4s total)
  5.5 Mbps :    140 tries (91% success;    0.4s total)
 11.0 Mbps :   6629 tries (100% success;   10.3s total)
  6.0 Mbps :    578 tries (98% success;    1.4s total)
  9.0 Mbps :   1290 tries (97% success;    2.2s total)
 12.0 Mbps :  11629 tries (99% success;   15.8s total)
 18.0 Mbps :  24119 tries (98% success;   24.8s total)
 24.0 Mbps :     76 tries ( 0% success;    0.1s total)
 36.0 Mbps :     81 tries ( 0% success;    0.1s total)
 48.0 Mbps :     80 tries ( 0% success;    0.1s total)
 54.0 Mbps :     73 tries ( 0% success;    0.0s total)
Running with random seed 2028393235191682653
Running at rate 1 Mbps...
Simulation ran with 9178047 LUOPS
[summary] 56.35 s to send 44184 packets (and 907 failures)
Average packet took 1.275 ms / achieved 9.409 Mbps
  1.0 Mbps :     65 tries (85% success;    0.8s total)
  2.0 Mbps :     68 tries (88% success;    0.4s total)
  5.5 Mbps :     70 tries (89% success;    0.2s total)
 11.0 Mbps :   7747 tries (100% success;   12.0s total)
  6.0 Mbps :    458 tries (99% success;    1.1s total)
  9.0 Mbps :   1190 tries (98% success;    2.0s total)
 12.0 Mbps :  10170 tries (99% success;   13.8s total)
 18.0 Mbps :  25002 tries (99% success;   25.7s total)
 24.0 Mbps :     76 tries ( 0% success;    0.1s total)
 36.0 Mbps :     78 tries ( 0% success;    0.1s total)
 48.0 Mbps :     87 tries ( 0% success;    0.1s total)
 54.0 Mbps :     80 tries ( 0% success;    0.1s total)
Running with random seed 7151092989991230851
Running at rate 1 Mbps...
Simulation ran with 9560353 LUOPS
[summary] 56.35 s to send 44162 packets (and 1032 failures)
Average packet took 1.276 ms / achieved 9.404 Mbps
  1.0 Mbps :     65 tries (83% success;    0.8s total)
  2.0 Mbps :     63 tries (94% success;    0.4s total)
  5.5 Mbps :     64 tries (89% success;    0.2s total)
 11.0 Mbps :   7290 tries (99% success;   11.3s total)
  6.0 Mbps :    544 tries (98% success;    1.3s total)
  9.0 Mbps :   1094 tries (98% success;    1.9s total)
 12.0 Mbps :  10506 tries (98% success;   14.3s total)
 18.0 Mbps :  25243 tries (98% success;   26.0s total)
 24.0 Mbps :     80 tries ( 0% success;    0.1s total)
 36.0 Mbps :     82 tries ( 0% success;    0.1s total)
 48.0 Mbps :     83 tries ( 0% success;    0.1s total)
 54.0 Mbps :     80 tries ( 0% success;    0.0s total)
