Running with random seed 257760099056869152
Running at rate 1 Mbps...
    [0] =  <Rate 48.0 p=1.000 sr=0.300>
    [0] =  <Rate 54.0 p=0.946 sr=0.219>
    [0] =  <Rate 36.0 p=1.000 sr=0.300>
    [0] =  <Rate 48.0 p=0.890 sr=0.213>
    [0] =  <Rate 54.0 p=0.836 sr=0.155>
    [0] =  <Rate 24.0 p=1.000 sr=0.300>
    [0] =  <Rate 36.0 p=0.792 sr=0.206>
    [0] =  <Rate 48.0 p=0.738 sr=0.146>
    [0] =  <Rate 18.0 p=1.000 sr=0.300>
    [0] =  <Rate 18.0 p=1.000 sr=0.300>
    [0] =  <Rate 18.0 p=1.000 sr=0.300>
    [0] =  <Rate 18.0 p=1.000 sr=0.343>
    [0] =  <Rate 18.0 p=1.000 sr=0.379>
    [0] =  <Rate 18.0 p=1.000 sr=0.379>
    [0] =  <Rate 18.0 p=1.000 sr=0.389>
    [0] =  <Rate 18.0 p=1.000 sr=0.484>
    [0] =  <Rate 18.0 p=1.000 sr=0.516>
    [0] =  <Rate 18.0 p=1.000 sr=0.561>
    [0] =  <Rate 18.0 p=1.000 sr=0.640>
    [0] =  <Rate 18.0 p=1.000 sr=0.690>
    [0] =  <Rate 18.0 p=1.000 sr=0.757>
    [0] =  <Rate 18.0 p=1.000 sr=0.774>
    [0] =  <Rate 18.0 p=1.000 sr=0.801>
    [0] =  <Rate 18.0 p=1.000 sr=0.851>
    [0] =  <Rate 18.0 p=1.000 sr=0.859>
    [0] =  <Rate 18.0 p=1.000 sr=0.866>
    [0] =  <Rate 18.0 p=1.000 sr=1.000>
    [0] =  <Rate 18.0 p=1.000 sr=1.000>
    [0] =  <Rate 18.0 p=1.000 sr=1.000>
    [0] =  <Rate 18.0 p=1.000 sr=1.000>
    [0] =  <Rate 18.0 p=1.000 sr=1.000>
    [0] =  <Rate 18.0 p=1.000 sr=1.000>
    [0] =  <Rate 18.0 p=1.000 sr=1.000>
    [0] =  <Rate 18.0 p=1.000 sr=1.000>
    [0] =  <Rate 18.0 p=1.000 sr=1.000>
    [0] =  <Rate 18.0 p=1.000 sr=1.000>
    [0] =  <Rate 18.0 p=1.000 sr=1.000>
    [0] =  <Rate 18.0 p=1.000 sr=1.000>
    [0] =  <Rate 18.0 p=1.000 sr=1.000>
    [0] =  <Rate 18.0 p=1.000 sr=1.000>
    [0] =  <Rate 18.0 p=1.000 sr=1.000>
    [0] =  <Rate 9.0 p=1.000 sr=0.592>
    [0] =  <Rate 18.0 p=0.701 sr=0.822>
    [0] =  <Rate 12.0 p=0.792 sr=0.505>
    [0] =  <Rate 18.0 p=0.646 sr=0.600>
    [0] =  <Rate 11.0 p=0.545 sr=0.341>
    [0] =  <Rate 11.0 p=1.000 sr=0.404>
    [0] =  <Rate 5.5 p=0.663 sr=0.217>
    [0] =  <Rate 11.0 p=0.560 sr=0.702>
    [0] =  <Rate 2.0 p=0.962 sr=0.720>
    [0] =  <Rate 18.0 p=0.482 sr=0.426>
    [0] =  <Rate 5.5 p=0.571 sr=0.186>
    [0] =  <Rate 1.0 p=0.674 sr=0.423>
    [0] =  <Rate 1.0 p=1.000 sr=0.507>
    [0] =  <Rate 1.0 p=1.000 sr=0.587>
    [0] =  <Rate 18.0 p=0.587 sr=0.212>
    [0] =  <Rate 1.0 p=1.000 sr=0.603>
    [0] =  <Rate 12.0 p=0.477 sr=0.180>
    [0] =  <Rate 12.0 p=1.000 sr=0.180>
    [0] =  <Rate 12.0 p=1.000 sr=0.180>
    [0] =  <Rate 18.0 p=0.562 sr=0.122>
    [0] =  <Rate 18.0 p=1.000 sr=0.138>
    [0] =  <Rate 12.0 p=0.560 sr=0.134>
    [0] =  <Rate 12.0 p=0.560 sr=0.134>
    [0] =  <Rate 12.0 p=0.993 sr=0.142>
    [0] =  <Rate 18.0 p=0.506 sr=0.148>
    [0] =  <Rate 12.0 p=0.489 sr=0.162>
    [0] =  <Rate 1.0 p=1.000 sr=0.603>
    [0] =  <Rate 1.0 p=1.000 sr=0.812>
    [0] =  <Rate 1.0 p=1.000 sr=1.000>
    [0] =  <Rate 1.0 p=1.000 sr=1.000>
    [0] =  <Rate 1.0 p=1.000 sr=1.000>
    [0] =  <Rate 1.0 p=1.000 sr=1.000>
    [0] =  <Rate 1.0 p=1.000 sr=1.000>
    [0] =  <Rate 18.0 p=0.527 sr=0.044>
    [0] =  <Rate 18.0 p=0.998 sr=0.044>
    [0] =  <Rate 18.0 p=0.999 sr=0.044>
    [0] =  <Rate 18.0 p=1.000 sr=0.063>
    [0] =  <Rate 1.0 p=1.000 sr=1.000>
    [0] =  <Rate 18.0 p=0.574 sr=0.048>
    [0] =  <Rate 18.0 p=0.999 sr=0.048>
    [0] =  <Rate 18.0 p=1.000 sr=0.064>
    [0] =  <Rate 12.0 p=0.748 sr=0.054>
    [0] =  <Rate 12.0 p=1.000 sr=0.263>
    [0] =  <Rate 12.0 p=1.000 sr=0.412>
    [0] =  <Rate 12.0 p=1.000 sr=0.414>
    [0] =  <Rate 12.0 p=1.000 sr=0.436>
    [0] =  <Rate 12.0 p=1.000 sr=0.592>
    [0] =  <Rate 12.0 p=1.000 sr=0.698>
    [0] =  <Rate 12.0 p=1.000 sr=0.732>
    [0] =  <Rate 12.0 p=1.000 sr=0.850>
    [0] =  <Rate 12.0 p=1.000 sr=0.930>
    [0] =  <Rate 12.0 p=1.000 sr=0.985>
    [0] =  <Rate 12.0 p=1.000 sr=1.000>
    [0] =  <Rate 12.0 p=1.000 sr=1.000>
    [0] =  <Rate 12.0 p=1.000 sr=1.000>
    [0] =  <Rate 12.0 p=1.000 sr=1.000>
    [0] =  <Rate 12.0 p=1.000 sr=1.000>
    [0] =  <Rate 12.0 p=1.000 sr=1.000>
    [0] =  <Rate 18.0 p=0.602 sr=0.036>
    [0] =  <Rate 12.0 p=0.650 sr=0.766>
    [0] =  <Rate 12.0 p=0.634 sr=0.766>
    [0] =  <Rate 11.0 p=0.569 sr=0.356>
    [0] =  <Rate 11.0 p=1.000 sr=0.356>
    [0] =  <Rate 11.0 p=1.000 sr=0.356>
    [0] =  <Rate 18.0 p=0.760 sr=0.014>
    [0] =  <Rate 11.0 p=1.000 sr=0.356>
    [0] =  <Rate 18.0 p=0.844 sr=0.008>
    [0] =  <Rate 11.0 p=1.000 sr=0.357>
    [0] =  <Rate 18.0 p=0.803 sr=0.005>
    [0] =  <Rate 18.0 p=0.803 sr=0.005>
    [0] =  <Rate 18.0 p=0.997 sr=0.014>
    [0] =  <Rate 18.0 p=1.000 sr=0.130>
    [0] =  <Rate 18.0 p=1.000 sr=0.151>
    [0] =  <Rate 18.0 p=1.000 sr=0.213>
    [0] =  <Rate 18.0 p=1.000 sr=0.364>
    [0] =  <Rate 18.0 p=1.000 sr=0.399>
    [0] =  <Rate 18.0 p=1.000 sr=0.463>
    [0] =  <Rate 18.0 p=1.000 sr=0.474>
    [0] =  <Rate 18.0 p=1.000 sr=0.624>
    [0] =  <Rate 18.0 p=1.000 sr=0.715>
    [0] =  <Rate 18.0 p=1.000 sr=0.724>
    [0] =  <Rate 18.0 p=1.000 sr=0.843>
    [0] =  <Rate 18.0 p=1.000 sr=1.000>
Simulation ran with 220080 LUOPS
[summary] 8.00 s to send 6028 packets (and 337 failures)
Average packet took 1.328 ms / achieved 9.036 Mbps
  1.0 Mbps :     58 tries (90% success;    0.7s total)
  2.0 Mbps :     24 tries (58% success;    0.2s total)
  5.5 Mbps :     50 tries (46% success;    0.1s total)
 11.0 Mbps :    464 tries (97% success;    0.7s total)
  6.0 Mbps :     22 tries ( 0% success;    0.1s total)
  9.0 Mbps :     24 tries (71% success;    0.0s total)
 12.0 Mbps :    960 tries (97% success;    1.3s total)
 18.0 Mbps :   4624 tries (98% success;    4.8s total)
 24.0 Mbps :     27 tries ( 0% success;    0.0s total)
 36.0 Mbps :     33 tries ( 0% success;    0.0s total)
 48.0 Mbps :     38 tries ( 0% success;    0.0s total)
 54.0 Mbps :     41 tries ( 0% success;    0.0s total)
