Running with random seed 8765658786176914739
Running at rate 1 Mbps...
Simulation ran with 4441992 LUOPS
[summary] 34.43 s to send 31478 packets (and 294 failures)
Average packet took 1.094 ms / achieved 10.972 Mbps
  1.0 Mbps :     46 tries (72% success;    0.6s total)
  2.0 Mbps :     44 tries (93% success;    0.3s total)
  5.5 Mbps :     48 tries (85% success;    0.1s total)
 11.0 Mbps :     46 tries (96% success;    0.1s total)
  6.0 Mbps :     45 tries (96% success;    0.1s total)
  9.0 Mbps :     42 tries (93% success;    0.1s total)
 12.0 Mbps :   3035 tries (100% success;    4.1s total)
 18.0 Mbps :  27447 tries (100% success;   28.2s total)
 24.0 Mbps :    838 tries (93% success;    0.7s total)
 36.0 Mbps :     55 tries ( 0% success;    0.0s total)
 48.0 Mbps :     62 tries ( 0% success;    0.0s total)
 54.0 Mbps :     64 tries ( 0% success;    0.0s total)
Running with random seed 8421307611184524456
Running at rate 1 Mbps...
Simulation ran with 4520946 LUOPS
[summary] 34.43 s to send 31648 packets (and 290 failures)
Average packet took 1.088 ms / achieved 11.032 Mbps
  1.0 Mbps :     41 tries (66% success;    0.5s total)
  2.0 Mbps :     44 tries (95% success;    0.3s total)
  5.5 Mbps :     43 tries (93% success;    0.1s total)
 11.0 Mbps :     45 tries (96% success;    0.1s total)
  6.0 Mbps :     44 tries (91% success;    0.1s total)
  9.0 Mbps :     43 tries (93% success;    0.1s total)
 12.0 Mbps :   2726 tries (100% success;    3.7s total)
 18.0 Mbps :  27907 tries (100% success;   28.7s total)
 24.0 Mbps :    880 tries (93% success;    0.8s total)
 36.0 Mbps :     49 tries ( 0% success;    0.0s total)
 48.0 Mbps :     63 tries ( 0% success;    0.0s total)
 54.0 Mbps :     53 tries ( 4% success;    0.0s total)
Running with random seed 1128645625069325074
Running at rate 1 Mbps...
Simulation ran with 4577176 LUOPS
[summary] 34.43 s to send 31487 packets (and 302 failures)
Average packet took 1.093 ms / achieved 10.975 Mbps
  1.0 Mbps :     44 tries (64% success;    0.6s total)
  2.0 Mbps :     44 tries (89% success;    0.3s total)
  5.5 Mbps :     43 tries (86% success;    0.1s total)
 11.0 Mbps :     50 tries (94% success;    0.1s total)
  6.0 Mbps :     42 tries (93% success;    0.1s total)
  9.0 Mbps :     42 tries (90% success;    0.1s total)
 12.0 Mbps :   2846 tries (100% success;    3.9s total)
 18.0 Mbps :  28119 tries (100% success;   28.9s total)
 24.0 Mbps :    376 tries (83% success;    0.3s total)
 36.0 Mbps :     64 tries ( 0% success;    0.0s total)
 48.0 Mbps :     65 tries ( 0% success;    0.0s total)
 54.0 Mbps :     54 tries ( 7% success;    0.0s total)
Running with random seed 353383815995336711
Running at rate 1 Mbps...
Simulation ran with 4770431 LUOPS
[summary] 34.43 s to send 31511 packets (and 313 failures)
Average packet took 1.092 ms / achieved 10.984 Mbps
  1.0 Mbps :     46 tries (70% success;    0.6s total)
  2.0 Mbps :     41 tries (95% success;    0.3s total)
  5.5 Mbps :     46 tries (87% success;    0.1s total)
 11.0 Mbps :     47 tries (91% success;    0.1s total)
  6.0 Mbps :     46 tries (91% success;    0.1s total)
  9.0 Mbps :     43 tries (98% success;    0.1s total)
 12.0 Mbps :   2536 tries (100% success;    3.5s total)
 18.0 Mbps :  28778 tries (100% success;   29.6s total)
 24.0 Mbps :     55 tries ( 0% success;    0.0s total)
 36.0 Mbps :     60 tries ( 0% success;    0.0s total)
 48.0 Mbps :     63 tries ( 0% success;    0.0s total)
 54.0 Mbps :     63 tries ( 0% success;    0.0s total)
Running with random seed 3663106085507023007
Running at rate 1 Mbps...
Simulation ran with 4731752 LUOPS
[summary] 34.43 s to send 31500 packets (and 313 failures)
Average packet took 1.093 ms / achieved 10.980 Mbps
  1.0 Mbps :     42 tries (69% success;    0.5s total)
  2.0 Mbps :     44 tries (95% success;    0.3s total)
  5.5 Mbps :     43 tries (88% success;    0.1s total)
 11.0 Mbps :     42 tries (98% success;    0.1s total)
  6.0 Mbps :     46 tries (91% success;    0.1s total)
  9.0 Mbps :     46 tries (93% success;    0.1s total)
 12.0 Mbps :   2669 tries (100% success;    3.6s total)
 18.0 Mbps :  28645 tries (100% success;   29.4s total)
 24.0 Mbps :     59 tries ( 0% success;    0.1s total)
 36.0 Mbps :     56 tries ( 0% success;    0.0s total)
 48.0 Mbps :     58 tries ( 0% success;    0.0s total)
 54.0 Mbps :     63 tries ( 0% success;    0.0s total)
