Running with random seed 8833834398602476594
Running at rate 1 Mbps...
Simulation ran with 267149 LUOPS
[summary] 9.58 s to send 7222 packets (and 386 failures)
Average packet took 1.327 ms / achieved 9.046 Mbps
  1.0 Mbps :     19 tries (100% success;    0.2s total)
  2.0 Mbps :     20 tries (80% success;    0.1s total)
  5.5 Mbps :     22 tries (59% success;    0.1s total)
 11.0 Mbps :   1471 tries (99% success;    2.3s total)
  6.0 Mbps :     23 tries (87% success;    0.1s total)
  9.0 Mbps :    507 tries (100% success;    0.9s total)
 12.0 Mbps :    884 tries (93% success;    1.2s total)
 18.0 Mbps :   4505 tries (97% success;    4.6s total)
 24.0 Mbps :     36 tries ( 0% success;    0.0s total)
 36.0 Mbps :     41 tries ( 0% success;    0.0s total)
 48.0 Mbps :     35 tries ( 0% success;    0.0s total)
 54.0 Mbps :     45 tries ( 0% success;    0.0s total)
Running with random seed 5867379094325991046
Running at rate 1 Mbps...
Simulation ran with 265926 LUOPS
[summary] 9.58 s to send 7218 packets (and 304 failures)
Average packet took 1.327 ms / achieved 9.040 Mbps
  1.0 Mbps :     20 tries (100% success;    0.3s total)
  2.0 Mbps :     22 tries (73% success;    0.1s total)
  5.5 Mbps :     22 tries (73% success;    0.1s total)
 11.0 Mbps :   1536 tries (99% success;    2.4s total)
  6.0 Mbps :     21 tries (81% success;    0.0s total)
  9.0 Mbps :    546 tries (100% success;    0.9s total)
 12.0 Mbps :    893 tries (98% success;    1.2s total)
 18.0 Mbps :   4336 tries (97% success;    4.5s total)
 24.0 Mbps :     32 tries ( 0% success;    0.0s total)
 36.0 Mbps :     35 tries ( 0% success;    0.0s total)
 48.0 Mbps :     34 tries ( 0% success;    0.0s total)
 54.0 Mbps :     25 tries ( 0% success;    0.0s total)
Running with random seed 4271839157370996791
Running at rate 1 Mbps...
Simulation ran with 259339 LUOPS
[summary] 9.58 s to send 7164 packets (and 333 failures)
Average packet took 1.337 ms / achieved 8.972 Mbps
  1.0 Mbps :     19 tries (100% success;    0.2s total)
  2.0 Mbps :     20 tries (80% success;    0.1s total)
  5.5 Mbps :     21 tries (62% success;    0.1s total)
 11.0 Mbps :   1607 tries (99% success;    2.5s total)
  6.0 Mbps :     20 tries (85% success;    0.0s total)
  9.0 Mbps :    700 tries (100% success;    1.2s total)
 12.0 Mbps :    636 tries (92% success;    0.9s total)
 18.0 Mbps :   4330 tries (97% success;    4.5s total)
 24.0 Mbps :     41 tries ( 0% success;    0.0s total)
 36.0 Mbps :     27 tries ( 0% success;    0.0s total)
 48.0 Mbps :     40 tries ( 0% success;    0.0s total)
 54.0 Mbps :     36 tries ( 0% success;    0.0s total)
Running with random seed 4241022012850231269
Running at rate 1 Mbps...
Simulation ran with 261621 LUOPS
[summary] 9.58 s to send 7173 packets (and 351 failures)
Average packet took 1.336 ms / achieved 8.984 Mbps
  1.0 Mbps :     18 tries (100% success;    0.2s total)
  2.0 Mbps :     19 tries (79% success;    0.1s total)
  5.5 Mbps :     22 tries (55% success;    0.1s total)
 11.0 Mbps :   1728 tries (98% success;    2.7s total)
  6.0 Mbps :     23 tries (78% success;    0.1s total)
  9.0 Mbps :    505 tries (100% success;    0.9s total)
 12.0 Mbps :    794 tries (94% success;    1.1s total)
 18.0 Mbps :   4260 tries (98% success;    4.4s total)
 24.0 Mbps :     38 tries ( 0% success;    0.0s total)
 36.0 Mbps :     39 tries ( 0% success;    0.0s total)
 48.0 Mbps :     38 tries ( 0% success;    0.0s total)
 54.0 Mbps :     40 tries ( 0% success;    0.0s total)
Running with random seed 6173747836289790063
Running at rate 1 Mbps...
Simulation ran with 271683 LUOPS
[summary] 9.58 s to send 7224 packets (and 314 failures)
Average packet took 1.326 ms / achieved 9.048 Mbps
  1.0 Mbps :     18 tries (100% success;    0.2s total)
  2.0 Mbps :     19 tries (79% success;    0.1s total)
  5.5 Mbps :     23 tries (57% success;    0.1s total)
 11.0 Mbps :   1449 tries (99% success;    2.2s total)
  6.0 Mbps :     23 tries (74% success;    0.1s total)
  9.0 Mbps :    803 tries (100% success;    1.4s total)
 12.0 Mbps :    580 tries (97% success;    0.8s total)
 18.0 Mbps :   4484 tries (97% success;    4.6s total)
 24.0 Mbps :     35 tries ( 0% success;    0.0s total)
 36.0 Mbps :     34 tries ( 0% success;    0.0s total)
 48.0 Mbps :     34 tries ( 0% success;    0.0s total)
 54.0 Mbps :     36 tries ( 0% success;    0.0s total)
