~/school/6.829/final/pysim:$> pypy harness2.py pavel ../data2/clear_1.dat 
Running with random seed 4075702610930887689
Please wait, running simulation:       99%, 4894456
Simulation ran with 4894987 LUOPS
[summary] 32.48 s to send 46115 packets (and 1 failures)
Average packet took 0.704 ms / achieved 17.037 Mbps
  1.0 Mbps :    2 tries
  2.0 Mbps :    3 tries
  5.5 Mbps :   91 tries
 11.0 Mbps :   11 tries
  6.0 Mbps :    1 tries
  9.0 Mbps :  143 tries
 12.0 Mbps : 3010 tries
 18.0 Mbps : 30792 tries
 24.0 Mbps : 6391 tries
 36.0 Mbps : 3596 tries
 48.0 Mbps : 2261 tries
 54.0 Mbps : 15503 tries
~/school/6.829/final/pysim:$> pypy harness2.py minstrel ../data2/clear_1.dat 
Running with random seed 7136660477424923086
Please wait, running simulation:       99%, 3902452
Simulation ran with 3903158 LUOPS
[summary] 32.48 s to send 34251 packets (and 0 failures)
Average packet took 0.948 ms / achieved 12.653 Mbps
  1.0 Mbps :    3 tries
  2.0 Mbps :   54 tries
  5.5 Mbps :   94 tries
 11.0 Mbps :  411 tries
  6.0 Mbps :   33 tries
  9.0 Mbps :  128 tries
 12.0 Mbps : 1242 tries
 18.0 Mbps : 23787 tries
 24.0 Mbps : 8355 tries
 36.0 Mbps : 8256 tries
 48.0 Mbps : 9471 tries
 54.0 Mbps : 21334 tries
~/school/6.829/final/pysim:$> pypy harness2.py samplerate ../data2/clear_1.dat
Running with random seed 5749651731548137266
Please wait, running simulation:      99%, 3297164
Simulation ran with 3297165 LUOPS
[summary] 32.48 s to send 44592 packets (and 122 failures)
Average packet took 0.728 ms / achieved 16.474 Mbps
 11.0 Mbps : 3233 tries
  9.0 Mbps : 2010 tries
 12.0 Mbps : 1440 tries
 18.0 Mbps : 34433 tries
 24.0 Mbps : 3550 tries
 36.0 Mbps :   16 tries
 48.0 Mbps :   16 tries
 54.0 Mbps :   16 tries
