~/school/6.829/final/pysim:$> time pypy harness2.py pavel ../data2/corner_1.dat 
Running with random seed 5080306473074093663
Please wait, running simulation:      99%, 4531930
Simulation ran with 4532340 LUOPS
[summary] 34.00 s to send 31466 packets (and 7 failures)
Average packet took 1.080 ms / achieved 11.107 Mbps
  1.0 Mbps :   29 tries
  2.0 Mbps :   20 tries
  5.5 Mbps :  805 tries
 11.0 Mbps : 3356 tries
  6.0 Mbps :  276 tries
  9.0 Mbps :   57 tries
 12.0 Mbps : 14285 tries
 18.0 Mbps : 15795 tries
 24.0 Mbps : 1918 tries
 36.0 Mbps : 2030 tries
 48.0 Mbps : 2009 tries
 54.0 Mbps : 1953 tries

real	0m4.077s
user	0m3.737s
sys	0m0.160s
~/school/6.829/final/pysim:$> time pypy harness2.py minstrel ../data2/corner_1.dat 
Running with random seed 8825905088452664715
Please wait, running simulation:      99%, 3510660
Simulation ran with 3510661 LUOPS
[summary] 34.00 s to send 21469 packets (and 12 failures)
Average packet took 1.583 ms / achieved 7.578 Mbps
  1.0 Mbps :   39 tries
  2.0 Mbps :   82 tries
  5.5 Mbps :  110 tries
 11.0 Mbps : 4121 tries
  6.0 Mbps :  137 tries
  9.0 Mbps :  327 tries
 12.0 Mbps : 9515 tries
 18.0 Mbps : 13295 tries
 24.0 Mbps : 6909 tries
 36.0 Mbps : 6944 tries
 48.0 Mbps : 6888 tries
 54.0 Mbps : 7308 tries

real	0m3.378s
user	0m3.103s
sys	0m0.157s
~/school/6.829/final/pysim:$> time pypy harness2.py samplerate ../data2/corner_1.dat 
Running with random seed 31759425325353736
Please wait, running simulation:      99%, 1748452
Simulation ran with 1748869 LUOPS
[summary] 34.00 s to send 15354 packets (and 1080 failures)
Average packet took 2.214 ms / achieved 5.420 Mbps
  1.0 Mbps :  770 tries
  2.0 Mbps :  298 tries
  5.5 Mbps : 5114 tries
 11.0 Mbps : 3480 tries
  6.0 Mbps : 1412 tries
  9.0 Mbps :   12 tries
 12.0 Mbps : 4616 tries
 18.0 Mbps :  668 tries
 24.0 Mbps :   16 tries
 36.0 Mbps :   16 tries
 48.0 Mbps :   16 tries
 54.0 Mbps :   16 tries

real	0m4.390s
user	0m4.063s
sys	0m0.117s
