~/school/6.829/final/pysim:$> time pypy harness2.py pavel ../data2/corner_2.dat 
Running with random seed 6941241926632687897
Please wait, running simulation:      99%, 15197985
Simulation ran with 15199268 LUOPS
[summary] 56.35 s to send 59032 packets (and 3 failures)
Average packet took 0.955 ms / achieved 12.570 Mbps
  1.0 Mbps :   25 tries
  2.0 Mbps :    5 tries
  5.5 Mbps :  162 tries
 11.0 Mbps : 5566 tries
  6.0 Mbps :  307 tries
  9.0 Mbps :  816 tries
 12.0 Mbps : 14566 tries
 18.0 Mbps : 42027 tries
 24.0 Mbps : 4179 tries
 36.0 Mbps : 3913 tries
 48.0 Mbps : 3661 tries
 54.0 Mbps : 3801 tries

real	0m6.817s
user	0m6.220s
sys	0m0.323s
~/school/6.829/final/pysim:$> time pypy harness2.py minstrel ../data2/corner_2.dat 
Running with random seed 4863945154420293693
Please wait, running simulation:      99%, 10497818
Simulation ran with 10498915 LUOPS
[summary] 56.35 s to send 39070 packets (and 3 failures)
Average packet took 1.442 ms / achieved 8.320 Mbps
  1.0 Mbps :   47 tries
  2.0 Mbps :  104 tries
  5.5 Mbps :  206 tries
 11.0 Mbps : 4866 tries
  6.0 Mbps :  150 tries
  9.0 Mbps :  295 tries
 12.0 Mbps : 9653 tries
 18.0 Mbps : 32393 tries
 24.0 Mbps : 13391 tries
 36.0 Mbps : 13237 tries
 48.0 Mbps : 13293 tries
 54.0 Mbps : 12929 tries

real	0m5.336s
user	0m4.920s
sys	0m0.230s
~/school/6.829/final/pysim:$> time pypy harness2.py samplerate ../data2/corner_2.dat 
Running with random seed 8909310290460160432
Please wait, running simulation:      99%, 9939760
Simulation ran with 9939761 LUOPS
[summary] 56.35 s to send 37484 packets (and 2372 failures)
Average packet took 1.503 ms / achieved 7.982 Mbps
  1.0 Mbps :  339 tries
  2.0 Mbps : 1669 tries
  5.5 Mbps : 2120 tries
 11.0 Mbps : 12089 tries
  6.0 Mbps : 2742 tries
  9.0 Mbps : 1619 tries
 12.0 Mbps : 11522 tries
 18.0 Mbps : 7660 tries
 24.0 Mbps :   24 tries
 36.0 Mbps :   24 tries
 48.0 Mbps :   24 tries
 54.0 Mbps :   24 tries

real	0m10.666s
user	0m10.017s
sys	0m0.253s
