~/school/6.829/final/pysim:$> time pypy harness2.py pavel ../data2/loving_1.dat 
Running with random seed 1765970945129208332
Please wait, running simulation:      99%, 6744900
Simulation ran with 6745034 LUOPS
[summary] 34.43 s to send 45460 packets (and 0 failures)
Average packet took 0.757 ms / achieved 15.846 Mbps
  5.5 Mbps :   44 tries
 11.0 Mbps :    2 tries
  9.0 Mbps :    3 tries
 12.0 Mbps : 2348 tries
 18.0 Mbps : 39902 tries
 24.0 Mbps : 4550 tries
 36.0 Mbps : 2604 tries
 48.0 Mbps : 2737 tries
 54.0 Mbps : 6522 tries

real	0m5.066s
user	0m4.630s
sys	0m0.240s
~/school/6.829/final/pysim:$> time pypy harness2.py minstrel ../data2/loving_1.dat 
Running with random seed 8704488087177326628
Please wait, running simulation:      99%, 4639775
Simulation ran with 4639909 LUOPS
[summary] 34.43 s to send 31176 packets (and 0 failures)
Average packet took 1.104 ms / achieved 10.867 Mbps
  1.0 Mbps :    3 tries
  2.0 Mbps :   20 tries
  5.5 Mbps :   54 tries
 11.0 Mbps :  120 tries
  6.0 Mbps :   41 tries
  9.0 Mbps :   18 tries
 12.0 Mbps : 2091 tries
 18.0 Mbps : 26120 tries
 24.0 Mbps : 10443 tries
 36.0 Mbps : 9695 tries
 48.0 Mbps : 10024 tries
 54.0 Mbps : 15087 tries

real	0m4.347s
user	0m3.967s
sys	0m0.223s
~/school/6.829/final/pysim:$> time pypy harness2.py samplerate ../data2/loving_1.dat 
Running with random seed 2930070850632133054
Please wait, running simulation:      99%, 5849062
Simulation ran with 5849063 LUOPS
[summary] 34.43 s to send 46298 packets (and 76 failures)
Average packet took 0.744 ms / achieved 16.138 Mbps
 11.0 Mbps : 1760 tries
  9.0 Mbps :   12 tries
 12.0 Mbps : 8042 tries
 18.0 Mbps : 36496 tries
 24.0 Mbps :   16 tries
 36.0 Mbps :   16 tries
 48.0 Mbps :   16 tries
 54.0 Mbps :   16 tries

real	0m16.357s
user	0m15.320s
sys	0m0.377s
